#
# A fatal error has been detected by the Java Runtime Environment:
#
# java.lang.OutOfMemoryError: requested 524288 bytes for jbyte in C:\BUILD_AREA\jdk6_24\hotspot\src\share\vm\prims\jni.cpp. Out of swap space?
#
#  Internal Error (allocation.inline.hpp:39), pid=14220, tid=6244
#  Error: jbyte in C:\BUILD_AREA\jdk6_24\hotspot\src\share\vm\prims\jni.cpp
#
# JRE version: 6.0_24-b07
# Java VM: Java HotSpot(TM) Client VM (19.1-b02 mixed mode, sharing windows-x86 )
# If you would like to submit a bug report, please visit:
#   http://java.sun.com/webapps/bugreport/crash.jsp
#

---------------  T H R E A D  ---------------

Current thread (0x0bf7f400):  JavaThread "Thread-579" [_thread_in_vm, id=6244, stack(0x1f050000,0x1f0a0000)]

Stack: [0x1f050000,0x1f0a0000],  sp=0x1f09fa74,  free space=318k
Native frames: (J=compiled Java code, j=interpreted, Vv=VM code, C=native code)
V  [jvm.dll+0x1fa487]
V  [jvm.dll+0xa340c]
V  [jvm.dll+0x104c59]
C  [jsoundds.dll+0x2663]
j  com.sun.media.sound.DirectAudioDevice.nWrite(J[BIIIFF)I+0
j  com.sun.media.sound.DirectAudioDevice.access$1800(J[BIIIFF)I+11
j  com.sun.media.sound.DirectAudioDevice$DirectDL.write([BII)I+198
j  org.newdawn.spaceinvaders.AePlayWave.run()V+278
v  ~StubRoutines::call_stub
V  [jvm.dll+0xf0ab9]
V  [jvm.dll+0x1837d1]
V  [jvm.dll+0xf0c61]
V  [jvm.dll+0xf0cbb]
V  [jvm.dll+0x11b4b9]
V  [jvm.dll+0x1e4624]
V  [jvm.dll+0x18317c]
C  [msvcr71.dll+0x9565]
C  [kernel32.dll+0x133aa]
C  [ntdll.dll+0x39ef2]
C  [ntdll.dll+0x39ec5]

Java frames: (J=compiled Java code, j=interpreted, Vv=VM code)
j  com.sun.media.sound.DirectAudioDevice.nWrite(J[BIIIFF)I+0
j  com.sun.media.sound.DirectAudioDevice.access$1800(J[BIIIFF)I+11
j  com.sun.media.sound.DirectAudioDevice$DirectDL.write([BII)I+198
j  org.newdawn.spaceinvaders.AePlayWave.run()V+278
v  ~StubRoutines::call_stub

---------------  P R O C E S S  ---------------

Java Threads: ( => current thread )
  0x5d347c00 JavaThread "Thread-2373" [_thread_new, id=20160, stack(0x00000000,0x00000000)]
  0x5d347400 JavaThread "Thread-2372" [_thread_new, id=20156, stack(0x00000000,0x00000000)]
  0x5d347000 JavaThread "Thread-2371" [_thread_in_native, id=20152, stack(0x7d280000,0x7d2d0000)]
  0x5d346800 JavaThread "Thread-2370" [_thread_new, id=20148, stack(0x00000000,0x00000000)]
  0x5d346400 JavaThread "Thread-2369" [_thread_new, id=20144, stack(0x00000000,0x00000000)]
  0x5d345c00 JavaThread "Thread-2368" [_thread_new, id=20140, stack(0x00000000,0x00000000)]
  0x5d345800 JavaThread "Thread-2367" [_thread_new, id=20136, stack(0x00000000,0x00000000)]
  0x5d345000 JavaThread "Thread-2366" [_thread_new, id=20132, stack(0x00000000,0x00000000)]
  0x5d344c00 JavaThread "Thread-2365" [_thread_in_native, id=20128, stack(0x7ce90000,0x7cee0000)]
  0x5d344400 JavaThread "Thread-2364" [_thread_new, id=20124, stack(0x00000000,0x00000000)]
  0x5d344000 JavaThread "Thread-2363" [_thread_in_native, id=20120, stack(0x7d040000,0x7d090000)]
  0x5d343800 JavaThread "Thread-2362" [_thread_new, id=20116, stack(0x00000000,0x00000000)]
  0x5d343400 JavaThread "Thread-2361" [_thread_new, id=20112, stack(0x00000000,0x00000000)]
  0x5d342c00 JavaThread "Thread-2360" [_thread_new, id=20108, stack(0x00000000,0x00000000)]
  0x5d342800 JavaThread "Thread-2359" [_thread_new, id=20104, stack(0x00000000,0x00000000)]
  0x5d342000 JavaThread "Thread-2358" [_thread_new, id=20100, stack(0x00000000,0x00000000)]
  0x5d341c00 JavaThread "Thread-2357" [_thread_new, id=20096, stack(0x00000000,0x00000000)]
  0x5d341400 JavaThread "Thread-2356" [_thread_new, id=20092, stack(0x00000000,0x00000000)]
  0x5d341000 JavaThread "Thread-2355" [_thread_in_native, id=20088, stack(0x7c6b0000,0x7c700000)]
  0x5d340800 JavaThread "Thread-2354" [_thread_new, id=20084, stack(0x00000000,0x00000000)]
  0x5d340000 JavaThread "Thread-2353" [_thread_new, id=20080, stack(0x00000000,0x00000000)]
  0x5d33fc00 JavaThread "Thread-2352" [_thread_new, id=20076, stack(0x00000000,0x00000000)]
  0x5d33f400 JavaThread "Thread-2351" [_thread_new, id=20072, stack(0x00000000,0x00000000)]
  0x5d33f000 JavaThread "Thread-2350" [_thread_new, id=20068, stack(0x00000000,0x00000000)]
  0x5d33e800 JavaThread "Thread-2349" [_thread_new, id=20064, stack(0x00000000,0x00000000)]
  0x5d33e400 JavaThread "Thread-2348" [_thread_new, id=20060, stack(0x00000000,0x00000000)]
  0x5d33dc00 JavaThread "Thread-2347" [_thread_new, id=20056, stack(0x00000000,0x00000000)]
  0x5d33d800 JavaThread "Thread-2346" [_thread_new, id=20052, stack(0x00000000,0x00000000)]
  0x5d33d000 JavaThread "Thread-2345" [_thread_new, id=20048, stack(0x00000000,0x00000000)]
  0x5d33cc00 JavaThread "Thread-2344" [_thread_new, id=20044, stack(0x00000000,0x00000000)]
  0x5d33c400 JavaThread "Thread-2343" [_thread_new, id=20040, stack(0x00000000,0x00000000)]
  0x5d33c000 JavaThread "Thread-2342" [_thread_new, id=20036, stack(0x00000000,0x00000000)]
  0x5d33b800 JavaThread "Thread-2341" [_thread_new, id=20032, stack(0x00000000,0x00000000)]
  0x5d33b400 JavaThread "Thread-2340" [_thread_new, id=20028, stack(0x00000000,0x00000000)]
  0x5d33ac00 JavaThread "Thread-2339" [_thread_new, id=20024, stack(0x00000000,0x00000000)]
  0x5d33a800 JavaThread "Thread-2338" [_thread_in_native, id=20020, stack(0x7c010000,0x7c060000)]
  0x5d33a000 JavaThread "Thread-2337" [_thread_new, id=20016, stack(0x00000000,0x00000000)]
  0x5d339c00 JavaThread "Thread-2336" [_thread_new, id=20012, stack(0x00000000,0x00000000)]
  0x5d339400 JavaThread "Thread-2335" [_thread_new, id=20008, stack(0x00000000,0x00000000)]
  0x5d339000 JavaThread "Thread-2334" [_thread_new, id=20004, stack(0x00000000,0x00000000)]
  0x5d338800 JavaThread "Thread-2333" [_thread_new, id=20000, stack(0x00000000,0x00000000)]
  0x5d338400 JavaThread "Thread-2332" [_thread_new, id=19996, stack(0x00000000,0x00000000)]
  0x5d337c00 JavaThread "Thread-2331" [_thread_new, id=19992, stack(0x00000000,0x00000000)]
  0x5d337800 JavaThread "Thread-2330" [_thread_new, id=19988, stack(0x00000000,0x00000000)]
  0x5d337000 JavaThread "Thread-2329" [_thread_new, id=19984, stack(0x00000000,0x00000000)]
  0x5d336c00 JavaThread "Thread-2328" [_thread_in_native, id=19980, stack(0x7b5f0000,0x7b640000)]
  0x5d336400 JavaThread "Thread-2327" [_thread_new, id=19976, stack(0x00000000,0x00000000)]
  0x5d336000 JavaThread "Thread-2326" [_thread_new, id=19972, stack(0x00000000,0x00000000)]
  0x5d335800 JavaThread "Thread-2325" [_thread_in_native, id=19968, stack(0x7b8c0000,0x7b910000)]
  0x5d335400 JavaThread "Thread-2324" [_thread_new, id=19964, stack(0x00000000,0x00000000)]
  0x5d334c00 JavaThread "Thread-2323" [_thread_new, id=19960, stack(0x00000000,0x00000000)]
  0x5d334800 JavaThread "Thread-2322" [_thread_new, id=19956, stack(0x00000000,0x00000000)]
  0x5d334000 JavaThread "Thread-2321" [_thread_new, id=19952, stack(0x00000000,0x00000000)]
  0x5d333c00 JavaThread "Thread-2320" [_thread_in_native, id=19948, stack(0x7b680000,0x7b6d0000)]
  0x5d333400 JavaThread "Thread-2319" [_thread_new, id=19944, stack(0x00000000,0x00000000)]
  0x5d333000 JavaThread "Thread-2318" [_thread_new, id=19940, stack(0x00000000,0x00000000)]
  0x5d332800 JavaThread "Thread-2317" [_thread_new, id=19936, stack(0x00000000,0x00000000)]
  0x5d332400 JavaThread "Thread-2316" [_thread_new, id=19932, stack(0x00000000,0x00000000)]
  0x5d331c00 JavaThread "Thread-2315" [_thread_in_native, id=19928, stack(0x7b320000,0x7b370000)]
  0x5d331800 JavaThread "Thread-2314" [_thread_in_native, id=19924, stack(0x7b290000,0x7b2e0000)]
  0x5d331000 JavaThread "Thread-2313" [_thread_in_native, id=19920, stack(0x7b200000,0x7b250000)]
  0x5d330c00 JavaThread "Thread-2312" [_thread_in_native, id=19916, stack(0x7b170000,0x7b1c0000)]
  0x5d330400 JavaThread "Thread-2311" [_thread_in_native, id=19912, stack(0x7b0e0000,0x7b130000)]
  0x5d330000 JavaThread "Thread-2310" [_thread_in_native, id=19908, stack(0x7afc0000,0x7b010000)]
  0x5d32f800 JavaThread "Thread-2309" [_thread_in_native, id=19904, stack(0x7acf0000,0x7ad40000)]
  0x5d32f400 JavaThread "Thread-2308" [_thread_in_native, id=19900, stack(0x7af30000,0x7af80000)]
  0x5d32ec00 JavaThread "Thread-2307" [_thread_in_native, id=19896, stack(0x7aea0000,0x7aef0000)]
  0x5d32e800 JavaThread "Thread-2306" [_thread_in_native, id=19892, stack(0x7ae10000,0x7ae60000)]
  0x5d32e000 JavaThread "Thread-2305" [_thread_in_native, id=19888, stack(0x7ad80000,0x7add0000)]
  0x5d32dc00 JavaThread "Thread-2304" [_thread_in_native, id=19884, stack(0x7ac60000,0x7acb0000)]
  0x5d32d400 JavaThread "Thread-2303" [_thread_in_native, id=19880, stack(0x7abd0000,0x7ac20000)]
  0x5d32d000 JavaThread "Thread-2302" [_thread_in_native, id=19876, stack(0x7ab40000,0x7ab90000)]
  0x5d32c800 JavaThread "Thread-2301" [_thread_in_native, id=19872, stack(0x7a510000,0x7a560000)]
  0x5d32c400 JavaThread "Thread-2300" [_thread_in_native, id=19868, stack(0x7aab0000,0x7ab00000)]
  0x5d32bc00 JavaThread "Thread-2299" [_thread_in_native, id=19864, stack(0x7aa20000,0x7aa70000)]
  0x5d32b800 JavaThread "Thread-2298" [_thread_in_native, id=19860, stack(0x7a990000,0x7a9e0000)]
  0x5d32b000 JavaThread "Thread-2297" [_thread_in_native, id=19856, stack(0x7a900000,0x7a950000)]
  0x5d32ac00 JavaThread "Thread-2296" [_thread_in_native, id=19852, stack(0x7a870000,0x7a8c0000)]
  0x5d32a400 JavaThread "Thread-2295" [_thread_in_native, id=19848, stack(0x7a480000,0x7a4d0000)]
  0x5d32a000 JavaThread "Thread-2294" [_thread_in_native, id=19844, stack(0x7a7e0000,0x7a830000)]
  0x5d329800 JavaThread "Thread-2293" [_thread_in_native, id=19840, stack(0x7a750000,0x7a7a0000)]
  0x5d329400 JavaThread "Thread-2292" [_thread_in_native, id=19836, stack(0x7a6c0000,0x7a710000)]
  0x5d328c00 JavaThread "Thread-2291" [_thread_in_native, id=19832, stack(0x7a630000,0x7a680000)]
  0x5d328800 JavaThread "Thread-2290" [_thread_in_native, id=19828, stack(0x7a5a0000,0x7a5f0000)]
  0x5d328000 JavaThread "Thread-2289" [_thread_in_native, id=19824, stack(0x7a3f0000,0x7a440000)]
  0x5d327800 JavaThread "Thread-2288" [_thread_in_native, id=19820, stack(0x7a360000,0x7a3b0000)]
  0x5d327400 JavaThread "Thread-2287" [_thread_in_native, id=19816, stack(0x7a2d0000,0x7a320000)]
  0x5d326c00 JavaThread "Thread-2286" [_thread_in_native, id=19812, stack(0x7a240000,0x7a290000)]
  0x5d326800 JavaThread "Thread-2285" [_thread_in_native, id=19808, stack(0x7a000000,0x7a050000)]
  0x5d326000 JavaThread "Thread-2284" [_thread_in_native, id=19804, stack(0x7a1b0000,0x7a200000)]
  0x5d325c00 JavaThread "Thread-2283" [_thread_in_native, id=19800, stack(0x7a120000,0x7a170000)]
  0x5d325400 JavaThread "Thread-2282" [_thread_in_native, id=19796, stack(0x7a090000,0x7a0e0000)]
  0x5d325000 JavaThread "Thread-2281" [_thread_new, id=19792, stack(0x00000000,0x00000000)]
  0x5d324800 JavaThread "Thread-2280" [_thread_in_native, id=19788, stack(0x79f70000,0x79fc0000)]
  0x5d324400 JavaThread "Thread-2279" [_thread_in_native, id=19784, stack(0x79ee0000,0x79f30000)]
  0x5d323c00 JavaThread "Thread-2278" [_thread_in_native, id=19780, stack(0x79dc0000,0x79e10000)]
  0x5d323800 JavaThread "Thread-2277" [_thread_in_native, id=19776, stack(0x79e50000,0x79ea0000)]
  0x5d323000 JavaThread "Thread-2276" [_thread_new, id=19772, stack(0x00000000,0x00000000)]
  0x5d322c00 JavaThread "Thread-2275" [_thread_in_native, id=19768, stack(0x79c10000,0x79c60000)]
  0x5d322400 JavaThread "Thread-2274" [_thread_in_native, id=19764, stack(0x79b80000,0x79bd0000)]
  0x5d322000 JavaThread "Thread-2273" [_thread_in_native, id=19760, stack(0x79af0000,0x79b40000)]
  0x5d321800 JavaThread "Thread-2272" [_thread_new, id=19756, stack(0x00000000,0x00000000)]
  0x5d321400 JavaThread "Thread-2271" [_thread_in_native, id=19752, stack(0x79a60000,0x79ab0000)]
  0x5d320c00 JavaThread "Thread-2270" [_thread_in_native, id=19748, stack(0x794c0000,0x79510000)]
  0x5d320800 JavaThread "Thread-2269" [_thread_in_native, id=19744, stack(0x799d0000,0x79a20000)]
  0x5d320000 JavaThread "Thread-2268" [_thread_in_native, id=19740, stack(0x79940000,0x79990000)]
  0x5d31fc00 JavaThread "Thread-2267" [_thread_in_native, id=19736, stack(0x798b0000,0x79900000)]
  0x5d31f400 JavaThread "Thread-2266" [_thread_in_native, id=19732, stack(0x79430000,0x79480000)]
  0x5d31f000 JavaThread "Thread-2265" [_thread_in_native, id=19728, stack(0x79310000,0x79360000)]
  0x5d234400 JavaThread "Thread-2264" [_thread_in_native, id=19724, stack(0x79790000,0x797e0000)]
  0x5d233c00 JavaThread "Thread-2263" [_thread_in_native, id=19720, stack(0x79700000,0x79750000)]
  0x5d233800 JavaThread "Thread-2262" [_thread_in_native, id=19716, stack(0x79670000,0x796c0000)]
  0x5d233000 JavaThread "Thread-2261" [_thread_in_native, id=19712, stack(0x795e0000,0x79630000)]
  0x5d232800 JavaThread "Thread-2260" [_thread_in_native, id=19708, stack(0x79040000,0x79090000)]
  0x5d232400 JavaThread "Thread-2259" [_thread_in_native, id=19704, stack(0x79550000,0x795a0000)]
  0x5d231c00 JavaThread "Thread-2258" [_thread_in_native, id=19700, stack(0x793a0000,0x793f0000)]
  0x5d231800 JavaThread "Thread-2257" [_thread_in_native, id=19696, stack(0x79280000,0x792d0000)]
  0x5d231000 JavaThread "Thread-2256" [_thread_in_native, id=19692, stack(0x791f0000,0x79240000)]
  0x5d230c00 JavaThread "Thread-2255" [_thread_in_native, id=19688, stack(0x79160000,0x791b0000)]
  0x5d230400 JavaThread "Thread-2254" [_thread_in_native, id=19684, stack(0x78e90000,0x78ee0000)]
  0x5d230000 JavaThread "Thread-2253" [_thread_in_native, id=19680, stack(0x790d0000,0x79120000)]
  0x5d22f800 JavaThread "Thread-2252" [_thread_in_native, id=19676, stack(0x78d70000,0x78dc0000)]
  0x5d22f400 JavaThread "Thread-2251" [_thread_in_native, id=19672, stack(0x78fb0000,0x79000000)]
  0x5d22ec00 JavaThread "Thread-2250" [_thread_in_native, id=19668, stack(0x78f20000,0x78f70000)]
  0x5d22e800 JavaThread "Thread-2249" [_thread_in_native, id=19664, stack(0x78e00000,0x78e50000)]
  0x5d22e000 JavaThread "Thread-2248" [_thread_in_native, id=19660, stack(0x78ce0000,0x78d30000)]
  0x5d22dc00 JavaThread "Thread-2247" [_thread_in_native, id=19656, stack(0x78c50000,0x78ca0000)]
  0x5d22d400 JavaThread "Thread-2246" [_thread_in_native, id=19652, stack(0x78bc0000,0x78c10000)]
  0x5d22d000 JavaThread "Thread-2245" [_thread_in_native, id=19648, stack(0x78b30000,0x78b80000)]
  0x5d22c800 JavaThread "Thread-2244" [_thread_in_native, id=19644, stack(0x78930000,0x78980000)]
  0x5d22c400 JavaThread "Thread-2243" [_thread_in_native, id=19640, stack(0x78860000,0x788b0000)]
  0x5d22bc00 JavaThread "Thread-2242" [_thread_in_native, id=19636, stack(0x78aa0000,0x78af0000)]
  0x5d22b800 JavaThread "Thread-2241" [_thread_in_native, id=19632, stack(0x78a10000,0x78a60000)]
  0x5d22b000 JavaThread "Thread-2240" [_thread_in_native, id=19628, stack(0x78980000,0x789d0000)]
  0x5d22ac00 JavaThread "Thread-2239" [_thread_in_native, id=19624, stack(0x787d0000,0x78820000)]
  0x5d22a400 JavaThread "Thread-2238" [_thread_in_native, id=19620, stack(0x78740000,0x78790000)]
  0x5d22a000 JavaThread "Thread-2237" [_thread_in_native, id=19616, stack(0x786b0000,0x78700000)]
  0x5d229800 JavaThread "Thread-2236" [_thread_in_native, id=19612, stack(0x78620000,0x78670000)]
  0x5d229400 JavaThread "Thread-2235" [_thread_in_native, id=19608, stack(0x78590000,0x785e0000)]
  0x5d228c00 JavaThread "Thread-2234" [_thread_in_native, id=19604, stack(0x78350000,0x783a0000)]
  0x5d228800 JavaThread "Thread-2233" [_thread_in_native, id=19600, stack(0x78500000,0x78550000)]
  0x5d228000 JavaThread "Thread-2232" [_thread_in_native, id=19596, stack(0x78470000,0x784c0000)]
  0x5d227c00 JavaThread "Thread-2231" [_thread_in_native, id=19592, stack(0x783e0000,0x78430000)]
  0x5d227400 JavaThread "Thread-2230" [_thread_in_native, id=19588, stack(0x782c0000,0x78310000)]
  0x5d227000 JavaThread "Thread-2229" [_thread_in_native, id=19584, stack(0x77f20000,0x77f70000)]
  0x5d226800 JavaThread "Thread-2228" [_thread_in_native, id=19580, stack(0x78230000,0x78280000)]
  0x5d226400 JavaThread "Thread-2227" [_thread_in_native, id=19576, stack(0x781a0000,0x781f0000)]
  0x5d225c00 JavaThread "Thread-2226" [_thread_in_native, id=19572, stack(0x77ed0000,0x77f20000)]
  0x5d225800 JavaThread "Thread-2225" [_thread_in_native, id=19568, stack(0x78110000,0x78160000)]
  0x5d225000 JavaThread "Thread-2224" [_thread_in_native, id=19564, stack(0x78080000,0x780d0000)]
  0x5d224c00 JavaThread "Thread-2223" [_thread_in_native, id=19560, stack(0x77ff0000,0x78040000)]
  0x5d224400 JavaThread "Thread-2222" [_thread_in_native, id=19556, stack(0x77b70000,0x77bc0000)]
  0x5d224000 JavaThread "Thread-2221" [_thread_in_native, id=19552, stack(0x77a50000,0x77aa0000)]
  0x5d223800 JavaThread "Thread-2220" [_thread_in_native, id=19548, stack(0x77e40000,0x77e90000)]
  0x5d223400 JavaThread "Thread-2219" [_thread_in_native, id=19544, stack(0x779c0000,0x77a10000)]
  0x5d222c00 JavaThread "Thread-2218" [_thread_in_native, id=19540, stack(0x77db0000,0x77e00000)]
  0x5d222800 JavaThread "Thread-2217" [_thread_in_native, id=19536, stack(0x77d20000,0x77d70000)]
  0x5d222000 JavaThread "Thread-2216" [_thread_in_native, id=19532, stack(0x77c90000,0x77ce0000)]
  0x5d221c00 JavaThread "Thread-2215" [_thread_in_native, id=19528, stack(0x77c00000,0x77c50000)]
  0x5d221400 JavaThread "Thread-2214" [_thread_in_native, id=19524, stack(0x772f0000,0x77340000)]
  0x5d221000 JavaThread "Thread-2213" [_thread_in_native, id=19520, stack(0x77ae0000,0x77b30000)]
  0x5d220800 JavaThread "Thread-2212" [_thread_in_native, id=19516, stack(0x77930000,0x77980000)]
  0x5d220400 JavaThread "Thread-2211" [_thread_in_native, id=19512, stack(0x778a0000,0x778f0000)]
  0x5d21fc00 JavaThread "Thread-2210" [_thread_in_native, id=19508, stack(0x77010000,0x77060000)]
  0x5d21f800 JavaThread "Thread-2209" [_thread_in_native, id=19504, stack(0x76f40000,0x76f90000)]
  0x5d21f000 JavaThread "Thread-2208" [_thread_in_native, id=19500, stack(0x77810000,0x77860000)]
  0x5d21ec00 JavaThread "Thread-2207" [_thread_in_native, id=19496, stack(0x77260000,0x772b0000)]
  0x5d21e400 JavaThread "Thread-2206" [_thread_in_native, id=19492, stack(0x770a0000,0x770f0000)]
  0x5d21e000 JavaThread "Thread-2205" [_thread_in_native, id=19488, stack(0x75390000,0x753e0000)]
  0x5d21d800 JavaThread "Thread-2204" [_thread_in_native, id=19484, stack(0x76ef0000,0x76f40000)]
  0x5d21d400 JavaThread "Thread-2203" [_thread_in_native, id=19480, stack(0x76e60000,0x76eb0000)]
  0x5d21cc00 JavaThread "Thread-2202" [_thread_in_native, id=19476, stack(0x76dd0000,0x76e20000)]
  0x5d21c800 JavaThread "Thread-2201" [_thread_in_native, id=19472, stack(0x76ae0000,0x76b30000)]
  0x5d21c000 JavaThread "Thread-2200" [_thread_in_native, id=19468, stack(0x76a20000,0x76a70000)]
  0x5d21bc00 JavaThread "Thread-2199" [_thread_in_native, id=19464, stack(0x75970000,0x759c0000)]
  0x5d21b400 JavaThread "Thread-2198" [_thread_in_native, id=19460, stack(0x76990000,0x769e0000)]
  0x5d21b000 JavaThread "Thread-2197" [_thread_in_native, id=19452, stack(0x75a00000,0x75a50000)]
  0x5d21a800 JavaThread "Thread-2196" [_thread_in_native, id=19448, stack(0x756a0000,0x756f0000)]
  0x5d21a000 JavaThread "Thread-2195" [_thread_in_native, id=19444, stack(0x750e0000,0x75130000)]
  0x5d219c00 JavaThread "Thread-2194" [_thread_in_native, id=19440, stack(0x75050000,0x750a0000)]
  0x5d219400 JavaThread "Thread-2193" [_thread_in_native, id=19436, stack(0x74fc0000,0x75010000)]
  0x5d219000 JavaThread "Thread-2192" [_thread_in_native, id=19432, stack(0x74b60000,0x74bb0000)]
  0x5d218800 JavaThread "Thread-2191" [_thread_in_native, id=19428, stack(0x74800000,0x74850000)]
  0x5d218400 JavaThread "Thread-2190" [_thread_in_native, id=19424, stack(0x74ad0000,0x74b20000)]
  0x5d217c00 JavaThread "Thread-2189" [_thread_in_native, id=19420, stack(0x74a40000,0x74a90000)]
  0x5d217800 JavaThread "Thread-2188" [_thread_in_native, id=19416, stack(0x749b0000,0x74a00000)]
  0x5d217000 JavaThread "Thread-2187" [_thread_in_native, id=19412, stack(0x74920000,0x74970000)]
  0x5d216c00 JavaThread "Thread-2186" [_thread_in_native, id=19408, stack(0x74890000,0x748e0000)]
  0x5d216400 JavaThread "Thread-2185" [_thread_in_native, id=19404, stack(0x74770000,0x747c0000)]
  0x5d216000 JavaThread "Thread-2184" [_thread_in_native, id=19400, stack(0x746e0000,0x74730000)]
  0x5d215800 JavaThread "Thread-2183" [_thread_in_native, id=19396, stack(0x74650000,0x746a0000)]
  0x5d215400 JavaThread "Thread-2182" [_thread_in_native, id=19392, stack(0x745c0000,0x74610000)]
  0x5d214c00 JavaThread "Thread-2181" [_thread_in_native, id=19388, stack(0x74530000,0x74580000)]
  0x5d214800 JavaThread "Thread-2180" [_thread_in_native, id=19384, stack(0x744a0000,0x744f0000)]
  0x5d214000 JavaThread "Thread-2179" [_thread_in_native, id=19380, stack(0x74410000,0x74460000)]
  0x5d213c00 JavaThread "Thread-2178" [_thread_in_native, id=19376, stack(0x74380000,0x743d0000)]
  0x5d213400 JavaThread "Thread-2177" [_thread_in_native, id=19372, stack(0x742f0000,0x74340000)]
  0x5d213000 JavaThread "Thread-2176" [_thread_in_native, id=19368, stack(0x74260000,0x742b0000)]
  0x5d212800 JavaThread "Thread-2175" [_thread_in_native, id=19364, stack(0x741d0000,0x74220000)]
  0x5d212400 JavaThread "Thread-2174" [_thread_in_native, id=19360, stack(0x74140000,0x74190000)]
  0x5d211c00 JavaThread "Thread-2173" [_thread_in_native, id=19356, stack(0x740b0000,0x74100000)]
  0x5d211800 JavaThread "Thread-2172" [_thread_in_native, id=19352, stack(0x74020000,0x74070000)]
  0x5d211000 JavaThread "Thread-2171" [_thread_in_native, id=19348, stack(0x73f90000,0x73fe0000)]
  0x5d210c00 JavaThread "Thread-2170" [_thread_in_native, id=19344, stack(0x73f00000,0x73f50000)]
  0x5d210400 JavaThread "Thread-2169" [_thread_in_native, id=19340, stack(0x73e70000,0x73ec0000)]
  0x5d210000 JavaThread "Thread-2168" [_thread_in_native, id=19336, stack(0x73b10000,0x73b60000)]
  0x5d20f800 JavaThread "Thread-2167" [_thread_in_native, id=19332, stack(0x73de0000,0x73e30000)]
  0x5d20f400 JavaThread "Thread-2166" [_thread_in_native, id=19328, stack(0x73d50000,0x73da0000)]
  0x5d20ec00 JavaThread "Thread-2165" [_thread_in_native, id=19324, stack(0x73cc0000,0x73d10000)]
  0x5d20e800 JavaThread "Thread-2164" [_thread_in_native, id=19320, stack(0x73c30000,0x73c80000)]
  0x5d20e000 JavaThread "Thread-2163" [_thread_in_native, id=19316, stack(0x73ba0000,0x73bf0000)]
  0x5d20dc00 JavaThread "Thread-2162" [_thread_in_native, id=19312, stack(0x73a80000,0x73ad0000)]
  0x5d20d400 JavaThread "Thread-2161" [_thread_in_native, id=19308, stack(0x739f0000,0x73a40000)]
  0x5d20d000 JavaThread "Thread-2160" [_thread_in_native, id=19304, stack(0x73960000,0x739b0000)]
  0x5d20c800 JavaThread "Thread-2159" [_thread_in_native, id=19300, stack(0x738d0000,0x73920000)]
  0x5d20c400 JavaThread "Thread-2158" [_thread_in_native, id=19296, stack(0x73840000,0x73890000)]
  0x5d20bc00 JavaThread "Thread-2157" [_thread_in_native, id=19292, stack(0x737b0000,0x73800000)]
  0x5d20b800 JavaThread "Thread-2156" [_thread_in_native, id=19288, stack(0x73720000,0x73770000)]
  0x5d20b000 JavaThread "Thread-2155" [_thread_in_native, id=19284, stack(0x73690000,0x736e0000)]
  0x5d20ac00 JavaThread "Thread-2154" [_thread_in_vm, id=19280, stack(0x73600000,0x73650000)]
  0x5d20a400 JavaThread "Thread-2153" [_thread_in_native, id=19276, stack(0x73570000,0x735c0000)]
  0x5d20a000 JavaThread "Thread-2152" [_thread_in_native, id=19272, stack(0x734e0000,0x73530000)]
  0x5d209800 JavaThread "Thread-2151" [_thread_in_native, id=19268, stack(0x73450000,0x734a0000)]
  0x5d209400 JavaThread "Thread-2150" [_thread_in_native, id=19264, stack(0x733c0000,0x73410000)]
  0x5d208c00 JavaThread "Thread-2149" [_thread_in_native, id=19260, stack(0x73330000,0x73380000)]
  0x5d208800 JavaThread "Thread-2148" [_thread_in_native, id=19256, stack(0x732a0000,0x732f0000)]
  0x5d208000 JavaThread "Thread-2147" [_thread_in_native, id=19252, stack(0x73210000,0x73260000)]
  0x5d207c00 JavaThread "Thread-2146" [_thread_in_native, id=19248, stack(0x73180000,0x731d0000)]
  0x5d207400 JavaThread "Thread-2145" [_thread_in_native, id=19244, stack(0x730f0000,0x73140000)]
  0x5d207000 JavaThread "Thread-2144" [_thread_in_native, id=19240, stack(0x73060000,0x730b0000)]
  0x5d206800 JavaThread "Thread-2143" [_thread_in_native, id=19236, stack(0x72fd0000,0x73020000)]
  0x5d206400 JavaThread "Thread-2142" [_thread_in_native, id=19232, stack(0x72f40000,0x72f90000)]
  0x5d205c00 JavaThread "Thread-2141" [_thread_in_native, id=19228, stack(0x72eb0000,0x72f00000)]
  0x5d205800 JavaThread "Thread-2140" [_thread_in_native, id=19224, stack(0x72e20000,0x72e70000)]
  0x5d205000 JavaThread "Thread-2139" [_thread_in_native, id=19220, stack(0x72d90000,0x72de0000)]
  0x5d204c00 JavaThread "Thread-2138" [_thread_in_native, id=19216, stack(0x72d00000,0x72d50000)]
  0x5d204400 JavaThread "Thread-2137" [_thread_in_native, id=19212, stack(0x72c70000,0x72cc0000)]
  0x5d204000 JavaThread "Thread-2136" [_thread_in_native, id=19208, stack(0x72be0000,0x72c30000)]
  0x5d203800 JavaThread "Thread-2135" [_thread_in_native, id=19204, stack(0x72b50000,0x72ba0000)]
  0x5d203400 JavaThread "Thread-2134" [_thread_in_native, id=19200, stack(0x72ac0000,0x72b10000)]
  0x5d202c00 JavaThread "Thread-2133" [_thread_in_native, id=19196, stack(0x72930000,0x72980000)]
  0x5d202400 JavaThread "Thread-2132" [_thread_in_native, id=19192, stack(0x72420000,0x72470000)]
  0x5d202000 JavaThread "Thread-2131" [_thread_in_native, id=19188, stack(0x728a0000,0x728f0000)]
  0x5d201800 JavaThread "Thread-2130" [_thread_in_native, id=19184, stack(0x72810000,0x72860000)]
  0x5d201400 JavaThread "Thread-2129" [_thread_in_native, id=19180, stack(0x72780000,0x727d0000)]
  0x5d200c00 JavaThread "Thread-2128" [_thread_in_native, id=19176, stack(0x726f0000,0x72740000)]
  0x5d200800 JavaThread "Thread-2127" [_thread_in_native, id=19172, stack(0x72660000,0x726b0000)]
  0x5d200000 JavaThread "Thread-2126" [_thread_in_native, id=19168, stack(0x725d0000,0x72620000)]
  0x5d1ffc00 JavaThread "Thread-2125" [_thread_in_native, id=19164, stack(0x72540000,0x72590000)]
  0x5d1ff400 JavaThread "Thread-2124" [_thread_in_native, id=19160, stack(0x724b0000,0x72500000)]
  0x5d1ff000 JavaThread "Thread-2123" [_thread_in_native, id=19156, stack(0x72390000,0x723e0000)]
  0x5d1fe800 JavaThread "Thread-2122" [_thread_in_native, id=19152, stack(0x72240000,0x72290000)]
  0x5d1fe400 JavaThread "Thread-2121" [_thread_in_native, id=19148, stack(0x721b0000,0x72200000)]
  0x5d1fdc00 JavaThread "Thread-2120" [_thread_in_native, id=19144, stack(0x72120000,0x72170000)]
  0x5d1fd800 JavaThread "Thread-2119" [_thread_in_native, id=19140, stack(0x72030000,0x72080000)]
  0x5d1fd000 JavaThread "Thread-2118" [_thread_in_native, id=19136, stack(0x71f40000,0x71f90000)]
  0x5d1fcc00 JavaThread "Thread-2117" [_thread_in_native, id=19132, stack(0x71d50000,0x71da0000)]
  0x5d1fc400 JavaThread "Thread-2116" [_thread_in_native, id=19128, stack(0x71eb0000,0x71f00000)]
  0x5d1fc000 JavaThread "Thread-2115" [_thread_in_native, id=19124, stack(0x71c70000,0x71cc0000)]
  0x5d1fb800 JavaThread "Thread-2114" [_thread_in_native, id=19120, stack(0x71e20000,0x71e70000)]
  0x5d1fb400 JavaThread "Thread-2113" [_thread_in_native, id=19116, stack(0x71d00000,0x71d50000)]
  0x5d1fac00 JavaThread "Thread-2112" [_thread_in_native, id=19112, stack(0x71970000,0x719c0000)]
  0x5d1fa800 JavaThread "Thread-2111" [_thread_in_native, id=19108, stack(0x717b0000,0x71800000)]
  0x5d1fa000 JavaThread "Thread-2110" [_thread_in_native, id=19104, stack(0x71be0000,0x71c30000)]
  0x5d1f9c00 JavaThread "Thread-2109" [_thread_in_native, id=19100, stack(0x71b50000,0x71ba0000)]
  0x5d1f9400 JavaThread "Thread-2108" [_thread_in_native, id=19096, stack(0x71a60000,0x71ab0000)]
  0x5d1f9000 JavaThread "Thread-2107" [_thread_in_native, id=19092, stack(0x70d80000,0x70dd0000)]
  0x5d1f8800 JavaThread "Thread-2106" [_thread_in_native, id=19088, stack(0x71a10000,0x71a60000)]
  0x5d1f8400 JavaThread "Thread-2105" [_thread_in_native, id=19084, stack(0x719c0000,0x71a10000)]
  0x5d1f7c00 JavaThread "Thread-2104" [_thread_in_native, id=19080, stack(0x71720000,0x71770000)]
  0x5d1f7800 JavaThread "Thread-2103" [_thread_in_native, id=19076, stack(0x71570000,0x715c0000)]
  0x5d1f7000 JavaThread "Thread-2102" [_thread_in_native, id=19072, stack(0x70670000,0x706c0000)]
  0x5d1f6c00 JavaThread "Thread-2101" [_thread_in_native, id=19068, stack(0x70c60000,0x70cb0000)]
  0x5d1f6400 JavaThread "Thread-2100" [_thread_in_native, id=19064, stack(0x70a20000,0x70a70000)]
  0x5d1f6000 JavaThread "Thread-2099" [_thread_in_native, id=19060, stack(0x71690000,0x716e0000)]
  0x5d1f5800 JavaThread "Thread-2098" [_thread_in_native, id=19056, stack(0x70bd0000,0x70c20000)]
  0x5d1f5400 JavaThread "Thread-2097" [_thread_in_native, id=19052, stack(0x71600000,0x71650000)]
  0x5d1f4c00 JavaThread "Thread-2096" [_thread_in_native, id=19048, stack(0x714e0000,0x71530000)]
  0x5d0ab400 JavaThread "Thread-2095" [_thread_in_native, id=19044, stack(0x71450000,0x714a0000)]
  0x5d0ab000 JavaThread "Thread-2094" [_thread_in_native, id=19040, stack(0x70e10000,0x70e60000)]
  0x5d0aa800 JavaThread "Thread-2093" [_thread_in_native, id=19036, stack(0x710e0000,0x71130000)]
  0x5d0aa400 JavaThread "Thread-2092" [_thread_in_native, id=19032, stack(0x70b40000,0x70b90000)]
  0x5d0a9c00 JavaThread "Thread-2091" [_thread_in_native, id=19028, stack(0x71050000,0x710a0000)]
  0x5d0a9800 JavaThread "Thread-2090" [_thread_in_native, id=19024, stack(0x70fc0000,0x71010000)]
  0x5d0a9000 JavaThread "Thread-2089" [_thread_in_native, id=19020, stack(0x70f30000,0x70f80000)]
  0x5d0a8c00 JavaThread "Thread-2088" [_thread_in_native, id=19016, stack(0x70900000,0x70950000)]
  0x5d0a8400 JavaThread "Thread-2087" [_thread_in_native, id=19012, stack(0x70ea0000,0x70ef0000)]
  0x5d0a8000 JavaThread "Thread-2086" [_thread_in_native, id=19008, stack(0x70340000,0x70390000)]
  0x5d0a7800 JavaThread "Thread-2085" [_thread_in_native, id=19004, stack(0x70cf0000,0x70d40000)]
  0x5d0a7400 JavaThread "Thread-2084" [_thread_in_native, id=19000, stack(0x70ab0000,0x70b00000)]
  0x5d0a6c00 JavaThread "Thread-2083" [_thread_in_native, id=18996, stack(0x70990000,0x709e0000)]
  0x5d0a6800 JavaThread "Thread-2082" [_thread_in_native, id=18992, stack(0x700c0000,0x70110000)]
  0x5d0a6000 JavaThread "Thread-2081" [_thread_in_native, id=18988, stack(0x70150000,0x701a0000)]
  0x5d0a5c00 JavaThread "Thread-2080" [_thread_in_native, id=18984, stack(0x70870000,0x708c0000)]
  0x5d0a5400 JavaThread "Thread-2079" [_thread_in_native, id=18980, stack(0x707e0000,0x70830000)]
  0x5d0a5000 JavaThread "Thread-2078" [_thread_in_native, id=18976, stack(0x70750000,0x707a0000)]
  0x5d0a4800 JavaThread "Thread-2077" [_thread_in_native, id=18972, stack(0x706c0000,0x70710000)]
  0x5d0a4400 JavaThread "Thread-2076" [_thread_in_native, id=18968