#
# A fatal error has been detected by the Java Runtime Environment:
#
# java.lang.OutOfMemoryError: requested 524288 bytes for jbyte in C:\BUILD_AREA\jdk6_24\hotspot\src\share\vm\prims\jni.cpp. Out of swap space?
#
#  Internal Error (allocation.inline.hpp:39), pid=11184, tid=11968
#  Error: jbyte in C:\BUILD_AREA\jdk6_24\hotspot\src\share\vm\prims\jni.cpp
#
# JRE version: 6.0_24-b07
# Java VM: Java HotSpot(TM) Client VM (19.1-b02 mixed mode, sharing windows-x86 )
# If you would like to submit a bug report, please visit:
#   http://java.sun.com/webapps/bugreport/crash.jsp
#

---------------  T H R E A D  ---------------

Current thread (0x0c19cc00):  JavaThread "Thread-262" [_thread_in_vm, id=11968, stack(0x153f0000,0x15440000)]

Stack: [0x153f0000,0x15440000],  sp=0x1543f8f4,  free space=318k
Native frames: (J=compiled Java code, j=interpreted, Vv=VM code, C=native code)
V  [jvm.dll+0x1fa487]
V  [jvm.dll+0xa340c]
V  [jvm.dll+0x104c59]
C  [jsoundds.dll+0x2663]
j  com.sun.media.sound.DirectAudioDevice.nWrite(J[BIIIFF)I+0
j  com.sun.media.sound.DirectAudioDevice.access$1800(J[BIIIFF)I+11
j  com.sun.media.sound.DirectAudioDevice$DirectDL.write([BII)I+198
j  org.newdawn.spaceinvaders.AePlayWave.run()V+278
v  ~StubRoutines::call_stub
V  [jvm.dll+0xf0ab9]
V  [jvm.dll+0x1837d1]
V  [jvm.dll+0xf0c61]
V  [jvm.dll+0xf0cbb]
V  [jvm.dll+0x11b4b9]
V  [jvm.dll+0x1e4624]
V  [jvm.dll+0x18317c]
C  [msvcr71.dll+0x9565]
C  [kernel32.dll+0x133aa]
C  [ntdll.dll+0x39ef2]
C  [ntdll.dll+0x39ec5]

Java frames: (J=compiled Java code, j=interpreted, Vv=VM code)
j  com.sun.media.sound.DirectAudioDevice.nWrite(J[BIIIFF)I+0
j  com.sun.media.sound.DirectAudioDevice.access$1800(J[BIIIFF)I+11
j  com.sun.media.sound.DirectAudioDevice$DirectDL.write([BII)I+198
j  org.newdawn.spaceinvaders.AePlayWave.run()V+278
v  ~StubRoutines::call_stub

---------------  P R O C E S S  ---------------

Java Threads: ( => current thread )
  0x6b758000 JavaThread "Thread-2337" [_thread_new, id=12876, stack(0x00000000,0x00000000)]
  0x6b757c00 JavaThread "Thread-2336" [_thread_new, id=12540, stack(0x00000000,0x00000000)]
  0x6b757400 JavaThread "Thread-2335" [_thread_new, id=6200, stack(0x00000000,0x00000000)]
  0x6b757000 JavaThread "Thread-2334" [_thread_new, id=11536, stack(0x00000000,0x00000000)]
  0x6b756800 JavaThread "Thread-2333" [_thread_new, id=7888, stack(0x00000000,0x00000000)]
  0x6b756400 JavaThread "Thread-2332" [_thread_new, id=9932, stack(0x00000000,0x00000000)]
  0x6b755c00 JavaThread "Thread-2331" [_thread_new, id=9484, stack(0x00000000,0x00000000)]
  0x6b755400 JavaThread "Thread-2330" [_thread_in_native, id=8500, stack(0x7cd70000,0x7cdc0000)]
  0x6b755000 JavaThread "Thread-2329" [_thread_new, id=1404, stack(0x00000000,0x00000000)]
  0x6b754800 JavaThread "Thread-2328" [_thread_new, id=13992, stack(0x00000000,0x00000000)]
  0x6b754400 JavaThread "Thread-2327" [_thread_new, id=6532, stack(0x00000000,0x00000000)]
  0x6b753c00 JavaThread "Thread-2326" [_thread_new, id=14980, stack(0x00000000,0x00000000)]
  0x6b753800 JavaThread "Thread-2325" [_thread_new, id=11856, stack(0x00000000,0x00000000)]
  0x6b753000 JavaThread "Thread-2324" [_thread_new, id=13648, stack(0x00000000,0x00000000)]
  0x6b752c00 JavaThread "Thread-2323" [_thread_new, id=12132, stack(0x00000000,0x00000000)]
  0x6b752400 JavaThread "Thread-2322" [_thread_new, id=832, stack(0x00000000,0x00000000)]
  0x6b752000 JavaThread "Thread-2321" [_thread_new, id=10496, stack(0x00000000,0x00000000)]
  0x6b751800 JavaThread "Thread-2320" [_thread_new, id=15252, stack(0x00000000,0x00000000)]
  0x6b751400 JavaThread "Thread-2319" [_thread_new, id=10372, stack(0x00000000,0x00000000)]
  0x6b750c00 JavaThread "Thread-2318" [_thread_new, id=13772, stack(0x00000000,0x00000000)]
  0x6b750800 JavaThread "Thread-2317" [_thread_in_native, id=5540, stack(0x7c860000,0x7c8b0000)]
  0x6b750000 JavaThread "Thread-2316" [_thread_in_native, id=12900, stack(0x7c7d0000,0x7c820000)]
  0x6b74fc00 JavaThread "Thread-2315" [_thread_new, id=11980, stack(0x00000000,0x00000000)]
  0x6b74f400 JavaThread "Thread-2314" [_thread_in_native, id=11288, stack(0x7c620000,0x7c670000)]
  0x6b74f000 JavaThread "Thread-2313" [_thread_new, id=14416, stack(0x00000000,0x00000000)]
  0x6b74e800 JavaThread "Thread-2312" [_thread_new, id=11836, stack(0x00000000,0x00000000)]
  0x6b74e400 JavaThread "Thread-2311" [_thread_in_native, id=13040, stack(0x7c470000,0x7c4c0000)]
  0x6b74dc00 JavaThread "Thread-2310" [_thread_in_native, id=10408, stack(0x7c130000,0x7c180000)]
  0x6b74d800 JavaThread "Thread-2309" [_thread_new, id=2844, stack(0x00000000,0x00000000)]
  0x6b74d000 JavaThread "Thread-2308" [_thread_new, id=9252, stack(0x00000000,0x00000000)]
  0x6b74cc00 JavaThread "Thread-2307" [_thread_new, id=14076, stack(0x00000000,0x00000000)]
  0x6b74c400 JavaThread "Thread-2306" [_thread_new, id=11904, stack(0x00000000,0x00000000)]
  0x6b74c000 JavaThread "Thread-2305" [_thread_in_native, id=9416, stack(0x7c1c0000,0x7c210000)]
  0x6b74b800 JavaThread "Thread-2304" [_thread_new, id=3844, stack(0x00000000,0x00000000)]
  0x6b74b400 JavaThread "Thread-2303" [_thread_in_native, id=6836, stack(0x7bf80000,0x7bfd0000)]
  0x6b74ac00 JavaThread "Thread-2302" [_thread_new, id=14768, stack(0x00000000,0x00000000)]
  0x6b74a800 JavaThread "Thread-2301" [_thread_in_native, id=13196, stack(0x7bcb0000,0x7bd00000)]
  0x6b74a000 JavaThread "Thread-2300" [_thread_new, id=13576, stack(0x00000000,0x00000000)]
  0x6b749c00 JavaThread "Thread-2299" [_thread_new, id=12384, stack(0x00000000,0x00000000)]
  0x6b749400 JavaThread "Thread-2298" [_thread_new, id=14428, stack(0x00000000,0x00000000)]
  0x6b749000 JavaThread "Thread-2297" [_thread_new, id=9084, stack(0x00000000,0x00000000)]
  0x6b748800 JavaThread "Thread-2296" [_thread_in_native, id=11192, stack(0x7bc20000,0x7bc70000)]
  0x6b748400 JavaThread "Thread-2295" [_thread_in_native, id=8268, stack(0x7bb90000,0x7bbe0000)]
  0x6b747c00 JavaThread "Thread-2294" [_thread_new, id=6928, stack(0x00000000,0x00000000)]
  0x6b747800 JavaThread "Thread-2293" [_thread_new, id=9528, stack(0x00000000,0x00000000)]
  0x6b747000 JavaThread "Thread-2292" [_thread_new, id=10876, stack(0x00000000,0x00000000)]
  0x6b746c00 JavaThread "Thread-2291" [_thread_new, id=7976, stack(0x00000000,0x00000000)]
  0x6b746400 JavaThread "Thread-2290" [_thread_new, id=10028, stack(0x00000000,0x00000000)]
  0x6b746000 JavaThread "Thread-2289" [_thread_new, id=11488, stack(0x00000000,0x00000000)]
  0x6b745800 JavaThread "Thread-2288" [_thread_new, id=11704, stack(0x00000000,0x00000000)]
  0x6b745400 JavaThread "Thread-2287" [_thread_new, id=11140, stack(0x00000000,0x00000000)]
  0x6b744c00 JavaThread "Thread-2286" [_thread_in_native, id=8188, stack(0x7b200000,0x7b250000)]
  0x6b744800 JavaThread "Thread-2285" [_thread_new, id=5268, stack(0x00000000,0x00000000)]
  0x6b744000 JavaThread "Thread-2284" [_thread_new, id=1156, stack(0x00000000,0x00000000)]
  0x6b743c00 JavaThread "Thread-2283" [_thread_new, id=10080, stack(0x00000000,0x00000000)]
  0x6b743400 JavaThread "Thread-2282" [_thread_new, id=12924, stack(0x00000000,0x00000000)]
  0x6b743000 JavaThread "Thread-2281" [_thread_new, id=13540, stack(0x00000000,0x00000000)]
  0x6b742800 JavaThread "Thread-2280" [_thread_new, id=5280, stack(0x00000000,0x00000000)]
  0x6b742400 JavaThread "Thread-2279" [_thread_new, id=11368, stack(0x00000000,0x00000000)]
  0x6b741c00 JavaThread "Thread-2278" [_thread_in_native, id=13532, stack(0x7abd0000,0x7ac20000)]
  0x6b741800 JavaThread "Thread-2277" [_thread_new, id=10704, stack(0x00000000,0x00000000)]
  0x6b741000 JavaThread "Thread-2276" [_thread_in_native, id=4200, stack(0x7b710000,0x7b760000)]
  0x6b740c00 JavaThread "Thread-2275" [_thread_new, id=9164, stack(0x00000000,0x00000000)]
  0x6b740400 JavaThread "Thread-2274" [_thread_new, id=8064, stack(0x00000000,0x00000000)]
  0x6b740000 JavaThread "Thread-2273" [_thread_new, id=6484, stack(0x00000000,0x00000000)]
  0x6b73f800 JavaThread "Thread-2272" [_thread_new, id=12736, stack(0x00000000,0x00000000)]
  0x6b73f400 JavaThread "Thread-2271" [_thread_new, id=5128, stack(0x00000000,0x00000000)]
  0x6b73ec00 JavaThread "Thread-2270" [_thread_new, id=14904, stack(0x00000000,0x00000000)]
  0x6b73e800 JavaThread "Thread-2269" [_thread_new, id=6000, stack(0x00000000,0x00000000)]
  0x6b73e000 JavaThread "Thread-2268" [_thread_new, id=15272, stack(0x00000000,0x00000000)]
  0x6b73d800 JavaThread "Thread-2267" [_thread_new, id=3268, stack(0x00000000,0x00000000)]
  0x6b73d400 JavaThread "Thread-2266" [_thread_new, id=13140, stack(0x00000000,0x00000000)]
  0x6b73cc00 JavaThread "Thread-2265" [_thread_new, id=6488, stack(0x00000000,0x00000000)]
  0x6b73c800 JavaThread "Thread-2264" [_thread_new, id=2568, stack(0x00000000,0x00000000)]
  0x6b73c000 JavaThread "Thread-2263" [_thread_new, id=11748, stack(0x00000000,0x00000000)]
  0x6b73bc00 JavaThread "Thread-2262" [_thread_in_native, id=5700, stack(0x7a870000,0x7a8c0000)]
  0x6b73b400 JavaThread "Thread-2261" [_thread_new, id=11276, stack(0x00000000,0x00000000)]
  0x6b73b000 JavaThread "Thread-2260" [_thread_new, id=4972, stack(0x00000000,0x00000000)]
  0x6b73a800 JavaThread "Thread-2259" [_thread_new, id=12192, stack(0x00000000,0x00000000)]
  0x6b73a400 JavaThread "Thread-2258" [_thread_new, id=14976, stack(0x00000000,0x00000000)]
  0x6b739c00 JavaThread "Thread-2257" [_thread_in_native, id=8016, stack(0x7a1b0000,0x7a200000)]
  0x6b739800 JavaThread "Thread-2256" [_thread_new, id=1480, stack(0x00000000,0x00000000)]
  0x6b739000 JavaThread "Thread-2255" [_thread_new, id=14344, stack(0x00000000,0x00000000)]
  0x6b738c00 JavaThread "Thread-2254" [_thread_in_native, id=20320, stack(0x7a900000,0x7a950000)]
  0x6b738400 JavaThread "Thread-2253" [_thread_new, id=11228, stack(0x00000000,0x00000000)]
  0x6b738000 JavaThread "Thread-2252" [_thread_new, id=12712, stack(0x00000000,0x00000000)]
  0x6b737800 JavaThread "Thread-2251" [_thread_new, id=12896, stack(0x00000000,0x00000000)]
  0x6b737400 JavaThread "Thread-2250" [_thread_new, id=5124, stack(0x00000000,0x00000000)]
  0x6b736c00 JavaThread "Thread-2249" [_thread_new, id=8224, stack(0x00000000,0x00000000)]
  0x6b736800 JavaThread "Thread-2248" [_thread_in_native, id=11040, stack(0x7a000000,0x7a050000)]
  0x6b736000 JavaThread "Thread-2247" [_thread_new, id=1268, stack(0x00000000,0x00000000)]
  0x6b735c00 JavaThread "Thread-2246" [_thread_in_native, id=8672, stack(0x79ca0000,0x79cf0000)]
  0x6b735400 JavaThread "Thread-2245" [_thread_in_native, id=14776, stack(0x7a360000,0x7a3b0000)]
  0x6b735000 JavaThread "Thread-2244" [_thread_in_native, id=13752, stack(0x7a120000,0x7a170000)]
  0x6b734800 JavaThread "Thread-2243" [_thread_new, id=4284, stack(0x00000000,0x00000000)]
  0x6b734400 JavaThread "Thread-2242" [_thread_new, id=14812, stack(0x00000000,0x00000000)]
  0x6b733c00 JavaThread "Thread-2241" [_thread_in_native, id=11576, stack(0x79dc0000,0x79e10000)]
  0x6b733800 JavaThread "Thread-2240" [_thread_new, id=14788, stack(0x00000000,0x00000000)]
  0x6b733000 JavaThread "Thread-2239" [_thread_new, id=10428, stack(0x00000000,0x00000000)]
  0x6b67f000 JavaThread "Thread-2238" [_thread_new, id=6292, stack(0x00000000,0x00000000)]
  0x6b67e800 JavaThread "Thread-2237" [_thread_new, id=11840, stack(0x00000000,0x00000000)]
  0x6b67e400 JavaThread "Thread-2236" [_thread_new, id=11768, stack(0x00000000,0x00000000)]
  0x6b67dc00 JavaThread "Thread-2235" [_thread_new, id=12752, stack(0x00000000,0x00000000)]
  0x6b67d800 JavaThread "Thread-2234" [_thread_in_native, id=10924, stack(0x798b0000,0x79900000)]
  0x6b67d000 JavaThread "Thread-2233" [_thread_new, id=9144, stack(0x00000000,0x00000000)]
  0x6b67cc00 JavaThread "Thread-2232" [_thread_new, id=13148, stack(0x00000000,0x00000000)]
  0x6b67c400 JavaThread "Thread-2231" [_thread_in_native, id=8932, stack(0x79630000,0x79680000)]
  0x6b67c000 JavaThread "Thread-2230" [_thread_new, id=9244, stack(0x00000000,0x00000000)]
  0x6b67b800 JavaThread "Thread-2229" [_thread_new, id=20300, stack(0x00000000,0x00000000)]
  0x6b67b400 JavaThread "Thread-2228" [_thread_in_native, id=11696, stack(0x79360000,0x793b0000)]
  0x6b67ac00 JavaThread "Thread-2227" [_thread_new, id=12148, stack(0x00000000,0x00000000)]
  0x6b67a800 JavaThread "Thread-2226" [_thread_new, id=15284, stack(0x00000000,0x00000000)]
  0x6b67a000 JavaThread "Thread-2225" [_thread_new, id=9672, stack(0x00000000,0x00000000)]
  0x6b679c00 JavaThread "Thread-2224" [_thread_new, id=3560, stack(0x00000000,0x00000000)]
  0x6b679400 JavaThread "Thread-2223" [_thread_new, id=3192, stack(0x00000000,0x00000000)]
  0x6b678c00 JavaThread "Thread-2222" [_thread_new, id=6244, stack(0x00000000,0x00000000)]
  0x6b678800 JavaThread "Thread-2221" [_thread_new, id=12116, stack(0x00000000,0x00000000)]
  0x6b678000 JavaThread "Thread-2220" [_thread_new, id=14560, stack(0x00000000,0x00000000)]
  0x6b677c00 JavaThread "Thread-2219" [_thread_new, id=5216, stack(0x00000000,0x00000000)]
  0x6b677400 JavaThread "Thread-2218" [_thread_new, id=13408, stack(0x00000000,0x00000000)]
  0x6b677000 JavaThread "Thread-2217" [_thread_new, id=13256, stack(0x00000000,0x00000000)]
  0x6b676800 JavaThread "Thread-2216" [_thread_new, id=12140, stack(0x00000000,0x00000000)]
  0x6b676400 JavaThread "Thread-2215" [_thread_new, id=14900, stack(0x00000000,0x00000000)]
  0x6b675c00 JavaThread "Thread-2214" [_thread_new, id=5212, stack(0x00000000,0x00000000)]
  0x6b675800 JavaThread "Thread-2213" [_thread_new, id=12056, stack(0x00000000,0x00000000)]
  0x6b675000 JavaThread "Thread-2212" [_thread_new, id=14032, stack(0x00000000,0x00000000)]
  0x6b674c00 JavaThread "Thread-2211" [_thread_new, id=14708, stack(0x00000000,0x00000000)]
  0x6b674400 JavaThread "Thread-2210" [_thread_new, id=7804, stack(0x00000000,0x00000000)]
  0x6b674000 JavaThread "Thread-2209" [_thread_new, id=7244, stack(0x00000000,0x00000000)]
  0x6b673800 JavaThread "Thread-2208" [_thread_new, id=11520, stack(0x00000000,0x00000000)]
  0x6b673400 JavaThread "Thread-2207" [_thread_new, id=12024, stack(0x00000000,0x00000000)]
  0x6b672c00 JavaThread "Thread-2206" [_thread_new, id=2604, stack(0x00000000,0x00000000)]
  0x6b672800 JavaThread "Thread-2205" [_thread_new, id=13376, stack(0x00000000,0x00000000)]
  0x6b672000 JavaThread "Thread-2204" [_thread_new, id=11604, stack(0x00000000,0x00000000)]
  0x6b671c00 JavaThread "Thread-2203" [_thread_new, id=11560, stack(0x00000000,0x00000000)]
  0x6b671400 JavaThread "Thread-2202" [_thread_new, id=12884, stack(0x00000000,0x00000000)]
  0x6b671000 JavaThread "Thread-2201" [_thread_new, id=12492, stack(0x00000000,0x00000000)]
  0x6b670800 JavaThread "Thread-2200" [_thread_new, id=9736, stack(0x00000000,0x00000000)]
  0x6b670400 JavaThread "Thread-2199" [_thread_new, id=14288, stack(0x00000000,0x00000000)]
  0x6b66fc00 JavaThread "Thread-2198" [_thread_new, id=13496, stack(0x00000000,0x00000000)]
  0x6b66f800 JavaThread "Thread-2197" [_thread_new, id=14608, stack(0x00000000,0x00000000)]
  0x6b66f000 JavaThread "Thread-2196" [_thread_new, id=12388, stack(0x00000000,0x00000000)]
  0x6b66ec00 JavaThread "Thread-2195" [_thread_new, id=8280, stack(0x00000000,0x00000000)]
  0x6b66e400 JavaThread "Thread-2194" [_thread_in_native, id=5076, stack(0x78230000,0x78280000)]
  0x6b66e000 JavaThread "Thread-2193" [_thread_new, id=14536, stack(0x00000000,0x00000000)]
  0x6b66d800 JavaThread "Thread-2192" [_thread_new, id=4216, stack(0x00000000,0x00000000)]
  0x6b66d400 JavaThread "Thread-2191" [_thread_new, id=13064, stack(0x00000000,0x00000000)]
  0x6b66cc00 JavaThread "Thread-2190" [_thread_new, id=10404, stack(0x00000000,0x00000000)]
  0x6b66c800 JavaThread "Thread-2189" [_thread_new, id=9296, stack(0x00000000,0x00000000)]
  0x6b66c000 JavaThread "Thread-2188" [_thread_new, id=14648, stack(0x00000000,0x00000000)]
  0x6b66bc00 JavaThread "Thread-2187" [_thread_new, id=11960, stack(0x00000000,0x00000000)]
  0x6b66b400 JavaThread "Thread-2186" [_thread_in_native, id=5996, stack(0x77db0000,0x77e00000)]
  0x6b66b000 JavaThread "Thread-2185" [_thread_new, id=9520, stack(0x00000000,0x00000000)]
  0x6b66a800 JavaThread "Thread-2184" [_thread_new, id=13812, stack(0x00000000,0x00000000)]
  0x6b66a400 JavaThread "Thread-2183" [_thread_new, id=13264, stack(0x00000000,0x00000000)]
  0x6b669c00 JavaThread "Thread-2182" [_thread_new, id=5612, stack(0x00000000,0x00000000)]
  0x6b669800 JavaThread "Thread-2181" [_thread_new, id=13852, stack(0x00000000,0x00000000)]
  0x6b669000 JavaThread "Thread-2180" [_thread_new, id=9332, stack(0x00000000,0x00000000)]
  0x6b668c00 JavaThread "Thread-2179" [_thread_new, id=7500, stack(0x00000000,0x00000000)]
  0x6b668400 JavaThread "Thread-2178" [_thread_new, id=20304, stack(0x00000000,0x00000000)]
  0x6b668000 JavaThread "Thread-2177" [_thread_new, id=8604, stack(0x00000000,0x00000000)]
  0x6b667800 JavaThread "Thread-2176" [_thread_new, id=9708, stack(0x00000000,0x00000000)]
  0x6b667400 JavaThread "Thread-2175" [_thread_in_native, id=7396, stack(0x772f0000,0x77340000)]
  0x6b666c00 JavaThread "Thread-2174" [_thread_new, id=2424, stack(0x00000000,0x00000000)]
  0x6b666800 JavaThread "Thread-2173" [_thread_new, id=13352, stack(0x00000000,0x00000000)]
  0x6b666000 JavaThread "Thread-2172" [_thread_new, id=10568, stack(0x00000000,0x00000000)]
  0x6b665c00 JavaThread "Thread-2171" [_thread_new, id=12504, stack(0x00000000,0x00000000)]
  0x6b665400 JavaThread "Thread-2170" [_thread_new, id=20388, stack(0x00000000,0x00000000)]
  0x6b665000 JavaThread "Thread-2169" [_thread_new, id=11860, stack(0x00000000,0x00000000)]
  0x6b664800 JavaThread "Thread-2168" [_thread_in_native, id=13116, stack(0x76e60000,0x76eb0000)]
  0x6b664400 JavaThread "Thread-2167" [_thread_new, id=7576, stack(0x00000000,0x00000000)]
  0x6b663c00 JavaThread "Thread-2166" [_thread_new, id=6476, stack(0x00000000,0x00000000)]
  0x6b663800 JavaThread "Thread-2165" [_thread_in_native, id=20408, stack(0x76990000,0x769e0000)]
  0x6b663000 JavaThread "Thread-2164" [_thread_new, id=11584, stack(0x00000000,0x00000000)]
  0x6b662c00 JavaThread "Thread-2163" [_thread_new, id=5100, stack(0x00000000,0x00000000)]
  0x6b662400 JavaThread "Thread-2162" [_thread_new, id=15084, stack(0x00000000,0x00000000)]
  0x6b662000 JavaThread "Thread-2161" [_thread_new, id=14388, stack(0x00000000,0x00000000)]
  0x6b661800 JavaThread "Thread-2160" [_thread_new, id=20412, stack(0x00000000,0x00000000)]
  0x6b661400 JavaThread "Thread-2159" [_thread_in_native, id=15000, stack(0x75050000,0x750a0000)]
  0x6b660c00 JavaThread "Thread-2158" [_thread_in_native, id=14620, stack(0x74fc0000,0x75010000)]
  0x6b660400 JavaThread "Thread-2157" [_thread_in_native, id=7072, stack(0x74b60000,0x74bb0000)]
  0x6b660000 JavaThread "Thread-2156" [_thread_in_native, id=20396, stack(0x74ad0000,0x74b20000)]
  0x6b65f800 JavaThread "Thread-2155" [_thread_in_native, id=15016, stack(0x74a40000,0x74a90000)]
  0x6b65f400 JavaThread "Thread-2154" [_thread_in_native, id=10000, stack(0x749b0000,0x74a00000)]
  0x6b65ec00 JavaThread "Thread-2153" [_thread_in_native, id=10732, stack(0x74920000,0x74970000)]
  0x6b65e800 JavaThread "Thread-2152" [_thread_in_native, id=8344, stack(0x74890000,0x748e0000)]
  0x6b65e000 JavaThread "Thread-2151" [_thread_in_native, id=5520, stack(0x74800000,0x74850000)]
  0x6b65dc00 JavaThread "Thread-2150" [_thread_in_native, id=13724, stack(0x74770000,0x747c0000)]
  0x6b65d400 JavaThread "Thread-2149" [_thread_in_native, id=5052, stack(0x746e0000,0x74730000)]
  0x6b65d000 JavaThread "Thread-2148" [_thread_in_native, id=9676, stack(0x74650000,0x746a0000)]
  0x6b65c800 JavaThread "Thread-2147" [_thread_in_native, id=9368, stack(0x745c0000,0x74610000)]
  0x6b65c400 JavaThread "Thread-2146" [_thread_in_native, id=12664, stack(0x74530000,0x74580000)]
  0x6b65bc00 JavaThread "Thread-2145" [_thread_in_native, id=7676, stack(0x744a0000,0x744f0000)]
  0x6b65b800 JavaThread "Thread-2144" [_thread_in_native, id=14780, stack(0x74410000,0x74460000)]
  0x6b65b000 JavaThread "Thread-2143" [_thread_in_native, id=9240, stack(0x74380000,0x743d0000)]
  0x6b65ac00 JavaThread "Thread-2142" [_thread_in_native, id=12860, stack(0x742f0000,0x74340000)]
  0x6b65a400 JavaThread "Thread-2141" [_thread_in_native, id=3648, stack(0x74260000,0x742b0000)]
  0x6b65a000 JavaThread "Thread-2140" [_thread_in_native, id=7472, stack(0x741d0000,0x74220000)]
  0x6b659800 JavaThread "Thread-2139" [_thread_in_native, id=9400, stack(0x74140000,0x74190000)]
  0x6b659400 JavaThread "Thread-2138" [_thread_in_native, id=1184, stack(0x740b0000,0x74100000)]
  0x6b658c00 JavaThread "Thread-2137" [_thread_in_native, id=13048, stack(0x74020000,0x74070000)]
  0x6b658800 JavaThread "Thread-2136" [_thread_in_native, id=11652, stack(0x73f90000,0x73fe0000)]
  0x6b658000 JavaThread "Thread-2135" [_thread_in_native, id=9640, stack(0x73f00000,0x73f50000)]
  0x6b657c00 JavaThread "Thread-2134" [_thread_in_native, id=5776, stack(0x73e70000,0x73ec0000)]
  0x6b657400 JavaThread "Thread-2133" [_thread_in_native, id=3840, stack(0x73de0000,0x73e30000)]
  0x6b657000 JavaThread "Thread-2132" [_thread_in_native, id=11928, stack(0x73d50000,0x73da0000)]
  0x6b656800 JavaThread "Thread-2131" [_thread_in_native, id=14524, stack(0x73cc0000,0x73d10000)]
  0x6b656400 JavaThread "Thread-2130" [_thread_in_native, id=11900, stack(0x73c30000,0x73c80000)]
  0x6b655c00 JavaThread "Thread-2129" [_thread_in_native, id=4484, stack(0x73ba0000,0x73bf0000)]
  0x6b655800 JavaThread "Thread-2128" [_thread_in_native, id=3232, stack(0x73b10000,0x73b60000)]
  0x6b655000 JavaThread "Thread-2127" [_thread_in_native, id=14676, stack(0x73a80000,0x73ad0000)]
  0x6b654c00 JavaThread "Thread-2126" [_thread_in_native, id=11236, stack(0x739f0000,0x73a40000)]
  0x6b654400 JavaThread "Thread-2125" [_thread_in_native, id=14496, stack(0x73960000,0x739b0000)]
  0x6b654000 JavaThread "Thread-2124" [_thread_in_native, id=13428, stack(0x738d0000,0x73920000)]
  0x6b653800 JavaThread "Thread-2123" [_thread_in_native, id=5348, stack(0x73840000,0x73890000)]
  0x6b653400 JavaThread "Thread-2122" [_thread_in_native, id=2056, stack(0x737b0000,0x73800000)]
  0x6b652c00 JavaThread "Thread-2121" [_thread_in_native, id=11388, stack(0x73720000,0x73770000)]
  0x6b652800 JavaThread "Thread-2120" [_thread_in_native, id=11320, stack(0x73690000,0x736e0000)]
  0x6b652000 JavaThread "Thread-2119" [_thread_in_native, id=3460, stack(0x73600000,0x73650000)]
  0x6b651c00 JavaThread "Thread-2118" [_thread_in_native, id=3644, stack(0x73570000,0x735c0000)]
  0x6b651400 JavaThread "Thread-2117" [_thread_in_native, id=9064, stack(0x734e0000,0x73530000)]
  0x6b651000 JavaThread "Thread-2116" [_thread_in_native, id=12572, stack(0x73450000,0x734a0000)]
  0x6b650800 JavaThread "Thread-2115" [_thread_in_native, id=10744, stack(0x733c0000,0x73410000)]
  0x6b650400 JavaThread "Thread-2114" [_thread_in_native, id=8096, stack(0x73330000,0x73380000)]
  0x6b64fc00 JavaThread "Thread-2113" [_thread_in_native, id=7088, stack(0x732a0000,0x732f0000)]
  0x6b64f800 JavaThread "Thread-2112" [_thread_in_native, id=12460, stack(0x73210000,0x73260000)]
  0x6b64f000 JavaThread "Thread-2111" [_thread_in_native, id=7440, stack(0x73180000,0x731d0000)]
  0x6b64ec00 JavaThread "Thread-2110" [_thread_in_native, id=10148, stack(0x730f0000,0x73140000)]
  0x6b64e400 JavaThread "Thread-2109" [_thread_in_native, id=10940, stack(0x73060000,0x730b0000)]
  0x6b64e000 JavaThread "Thread-2108" [_thread_in_native, id=12976, stack(0x72fd0000,0x73020000)]
  0x6b64d800 JavaThread "Thread-2107" [_thread_in_native, id=2572, stack(0x72f40000,0x72f90000)]
  0x6b64d400 JavaThread "Thread-2106" [_thread_in_native, id=12300, stack(0x72eb0000,0x72f00000)]
  0x6b64cc00 JavaThread "Thread-2105" [_thread_in_native, id=9612, stack(0x72e20000,0x72e70000)]
  0x6b64c800 JavaThread "Thread-2104" [_thread_in_native, id=12532, stack(0x72d90000,0x72de0000)]
  0x6b64c000 JavaThread "Thread-2103" [_thread_in_native, id=14656, stack(0x72d00000,0x72d50000)]
  0x6b64bc00 JavaThread "Thread-2102" [_thread_in_native, id=14744, stack(0x72c70000,0x72cc0000)]
  0x6b64b400 JavaThread "Thread-2101" [_thread_in_native, id=8808, stack(0x72be0000,0x72c30000)]
  0x6b64b000 JavaThread "Thread-2100" [_thread_in_native, id=14784, stack(0x72b50000,0x72ba0000)]
  0x6b64a800 JavaThread "Thread-2099" [_thread_in_native, id=13916, stack(0x72ac0000,0x72b10000)]
  0x6b64a400 JavaThread "Thread-2098" [_thread_in_native, id=7524, stack(0x72930000,0x72980000)]
  0x6b649c00 JavaThread "Thread-2097" [_thread_in_native, id=13292, stack(0x728a0000,0x728f0000)]
  0x6b649800 JavaThread "Thread-2096" [_thread_in_native, id=6900, stack(0x72810000,0x72860000)]
  0x6b649000 JavaThread "Thread-2095" [_thread_in_native, id=13268, stack(0x72780000,0x727d0000)]
  0x6b648800 JavaThread "Thread-2094" [_thread_in_native, id=15068, stack(0x726f0000,0x72740000)]
  0x6b648400 JavaThread "Thread-2093" [_thread_in_native, id=14376, stack(0x72660000,0x726b0000)]
  0x6b647c00 JavaThread "Thread-2092" [_thread_in_native, id=5324, stack(0x725d0000,0x72620000)]
  0x6b647800 JavaThread "Thread-2091" [_thread_in_native, id=14472, stack(0x72540000,0x72590000)]
  0x6b647000 JavaThread "Thread-2090" [_thread_in_native, id=11136, stack(0x724b0000,0x72500000)]
  0x6b646c00 JavaThread "Thread-2089" [_thread_in_native, id=13804, stack(0x72420000,0x72470000)]
  0x6b646400 JavaThread "Thread-2088" [_thread_in_native, id=15128, stack(0x72390000,0x723e0000)]
  0x6b646000 JavaThread "Thread-2087" [_thread_in_native, id=7536, stack(0x72240000,0x72290000)]
  0x6b645800 JavaThread "Thread-2086" [_thread_in_native, id=15008, stack(0x721b0000,0x72200000)]
  0x6b645400 JavaThread "Thread-2085" [_thread_in_native, id=12708, stack(0x72120000,0x72170000)]
  0x6b644c00 JavaThread "Thread-2084" [_thread_in_native, id=20368, stack(0x72030000,0x72080000)]
  0x6b644800 JavaThread "Thread-2083" [_thread_in_native, id=20192, stack(0x71f40000,0x71f90000)]
  0x6b644000 JavaThread "Thread-2082" [_thread_in_native, id=5688, stack(0x71eb0000,0x71f00000)]
  0x6b643c00 JavaThread "Thread-2081" [_thread_in_native, id=9584, stack(0x71e20000,0x71e70000)]
  0x6b643400 JavaThread "Thread-2080" [_thread_in_native, id=2104, stack(0x71d90000,0x71de0000)]
  0x6b643000 JavaThread "Thread-2079" [_thread_in_native, id=8704, stack(0x71d00000,0x71d50000)]
  0x6b642800 JavaThread "Thread-2078" [_thread_in_native, id=13524, stack(0x71c70000,0x71cc0000)]
  0x6b642400 JavaThread "Thread-2077" [_thread_in_native, id=212, stack(0x71be0000,0x71c30000)]
  0x6b641c00 JavaThread "Thread-2076" [_thread_in_native, id=4080, stack(0x71b50000,0x71ba0000)]
  0x6b641800 JavaThread "Thread-2075" [_thread_in_native, id=9160, stack(0x71a60000,0x71ab0000)]
  0x6b641000 JavaThread "Thread-2074" [_thread_in_native, id=4964, stack(0x719d0000,0x71a20000)]
  0x6b640c00 JavaThread "Thread-2073" [_thread_in_native, id=5188, stack(0x71980000,0x719d0000)]
  0x6b640400 JavaThread "Thread-2072" [_thread_in_native, id=8020, stack(0x71930000,0x71980000)]
  0x6b640000 JavaThread "Thread-2071" [_thread_in_native, id=5220, stack(0x717b0000,0x71800000)]
  0x6b63f800 JavaThread "Thread-2070" [_thread_in_native, id=1572, stack(0x71720000,0x71770000)]
  0x6b55f800 JavaThread "Thread-2069" [_thread_in_native, id=13940, stack(0x71690000,0x716e0000)]
  0x6b55f000 JavaThread "Thread-2068" [_thread_in_native, id=5484, stack(0x71600000,0x71650000)]
  0x6b55ec00 JavaThread "Thread-2067" [_thread_in_native, id=13956, stack(0x71570000,0x715c0000)]
  0x6b55e400 JavaThread "Thread-2066" [_thread_in_native, id=13720, stack(0x714e0000,0x71530000)]
  0x6b55e000 JavaThread "Thread-2065" [_thread_in_native, id=12164, stack(0x71450000,0x714a0000)]
  0x6b55d800 JavaThread "Thread-2064" [_thread_in_native, id=7092, stack(0x710e0000,0x71130000)]
  0x6b55d400 JavaThread "Thread-2063" [_thread_in_native, id=13788, stack(0x71050000,0x710a0000)]
  0x6b55cc00 JavaThread "Thread-2062" [_thread_in_native, id=144, stack(0x70fc0000,0x71010000)]
  0x6b55c800 JavaThread "Thread-2061" [_thread_in_native, id=5292, stack(0x70f30000,0x70f80000)]
  0x6b55c000 JavaThread "Thread-2060" [_thread_in_native, id=1392, stack(0x70ea0000,0x70ef0000)]
  0x6b55bc00 JavaThread "Thread-2059" [_thread_in_native, id=6108, stack(0x70e10000,0x70e60000)]
  0x6b55b400 JavaThread "Thread-2058" [_thread_in_native, id=10284, stack(0x70d80000,0x70dd0000)]
  0x6b55b000 JavaThread "Thread-2057" [_thread_in_native, id=388, stack(0x70cf0000,0x70d40000)]
  0x6b55a800 JavaThread "Thread-2056" [_thread_in_native, id=11056, stack(0x70c60000,0x70cb0000)]
  0x6b55a400 JavaThread "Thread-2055" [_thread_in_native, id=10636, stack(0x70bd0000,0x70c20000)]
  0x6b559c00 JavaThread "Thread-2054" [_thread_in_native, id=10844, stack(0x70b40000,0x70b90000)]
  0x6b559800 JavaThread "Thread-2053" [_thread_in_native, id=14084, stack(0x70ab0000,0x70b00000)]
  0x6b559000 JavaThread "Thread-2052" [_thread_in_native, id=11944, stack(0x70a20000,0x70a70000)]
  0x6b558c00 JavaThread "Thread-2051" [_thread_in_native, id=11336, stack(0x70990000,0x709e0000)]
  0x6b558400 JavaThread "Thread-2050" [_thread_in_native, id=20360, stack(0x70900000,0x70950000)]
  0x6b558000 JavaThread "Thread-2049" [_thread_in_native, id=14740, stack(0x70870000,0x708c0000)]
  0x6b557800 JavaThread "Thread-2048" [_thread_in_native, id=7632, stack(0x707e0000,0x70830000)]
  0x6b557400 JavaThread "Thread-2047" [_thread_in_native, id=8328, stack(0x70750000,0x707a0000)]
  0x6b556c00 JavaThread "Thread-2046" [_thread_in_native, id=4432, stack(0x706c0000,0x70710000)]
  0x6b556800 JavaThread "Thread-2045" [_thread_in_native, id=13392, stack(0x70630000,0x70680000)]
  0x6b556000 JavaThread "Thread-2044" [_thread_in_native, id=11084, stack(0x70340000,0x70390000)]
  0x6b555c00 JavaThread "Thread-2043" [_thread_in_native, id=13856, stack(0x70150000,0x701a0000)]
  0x6b555400 JavaThread "Thread-2042" [_thread_in_native, id=5900, stack(0x700c0000,0x70110000)]
  0x6b555000 JavaThread "Thread-2041" [_thread_in_native, id=3112, stack(0x70030000,0x70080000)]
  0x6b554800 JavaThread "Thread-2040" [_thread_in_native, id=13236, stack(0x6ffa0000,0x6fff0000)]
  0x6b554400 JavaThread "Thread-2039" [_thread_in_native, id=7968, stack(0x6ff10000,0x6ff60000)]
  0x6b553c00 JavaThread "Thread-2038" [_thread_in_native, id=9020, stack(0x6fe80000,0x6fed0000)]
  0x6b553800 JavaThread "Thread-2037" [_thread_in_native, id=13884, stack(0x6fdf0000,0x6fe40000)]
  0x6b553000 JavaThread "Thread-2036" [_thread_in_native, id=12956, stack(0x6fd20000,0x6fd70000)]
  0x6b552c00 JavaThread "Thread-2035" [_thread_in_native, id=3760, stack(0x6fc90000,0x6fce0000)]
  0x6b552400 JavaThread "Thread-2034" [_thread_in_native, id=9380, stack(0x6fc00000,0x6fc50000)]
  0x6b552000 JavaThread "Thread-2033" [_thread_in_native, id=14640, stack(0x6fb70000,0x6fbc0000)]
  0x6b551800 JavaThread "Thread-2032" [_thread_in_native, id=9680, stack(0x6fae0000,0x6fb30000)]
  0x6b551400 JavaThread "Thread-2031" [_thread_in_native, id=15052, stack(0x6fa50000,0x6faa0000)]
  0x6b550c00 JavaThread "Thread-2030" [_thread_in_native, id=14908, stack(0x6f9c0000,0x6fa10000)]
  0x6b550800 JavaThread "Thread-2029" [_thread_in_native, id=9288, stack(0x6f930000,0x6f980000)]
  0x6b550000 JavaThread "Thread-2028" [_thread_in_native, id=12672, stack(0x6f8a0000,0x6f8f0000)]
  0x6b54fc00 JavaThread "Thread-2027" [_thread_in_native, id=8320, stack(0x6f810000,0x6f860000)]
  0x6b54f400 JavaThread "Thread-2026" [_thread_in_native, id=10224, stack(0x6f780000,0x6f7d0000)]
  0x6b54f000 JavaThread "Thread-2025" [_thread_in_native, id=8304, stack(0x6f6f0000,0x6f740000)]
  0x6b54e800 JavaThread "Thread-2024" [_thread_in_native, id=7012, stack(0x6f660000,0x6f6b0000)]
  0x6b54e400 JavaThread "Thread-2023" [_thread_in_native, id=14136, stack(0x6f5d0000,0x6f620000)]
  0x6b54dc00 JavaThread "Thread-2022" [_thread_in_native, id=908, stack(0x6f540000,0x6f590000)]
  0x6b54d800 JavaThread "Thread-2021" [_thread_in_native, id=14400, stack(0x6f4b0000,0x6f500000)]
  0x6b54d000 JavaThread "Thread-2020" [_thread_in_native, id=11132, stack(0x6f420000,0x6f470000)]
  0x6b54cc00 JavaThread "Thread-2019" [_thread_in_native, id=14060, stack(0x6f390000,0x6f3e0000)]
  0x6b54c400 JavaThread "Thread-2018" [_thread_in_native, id=10796, stack(0x6f300000,0x6f350000)]
  0x6b54bc00 JavaThread "Thread-2017" [_thread_in_native, id=9956, stack(0x6f270000,0x6f2c0000)]
  0x6b54b800 JavaThread "Thread-2016" [_thread_in_native, id=9088, stack(0x6f1e0000,0x6f230000)]
  0x6b54b000 JavaThread "Thread-2015" [_thread_in_native, id=11448, stack(0x6f150000,0x6f1a0000)]
  0x6b54ac00 JavaThread "Thread-2014" [_thread_in_native, id=20372, stack(0x6f0c0000,0x6f110000)]
  0x6b54a400 JavaThread "Thread-2013" [_thread_in_native, id=11548, stack(0x6f030000,0x6f080000)]
  0x6b54a000 JavaThread "Thread-2012" [_thread_in_native, id=11884, stack(0x6efa0000,0x6eff0000)]
  0x6b549800 JavaThread "Thread-2011" [_thread_in_native, id=8296, stack(0x6ef10000,0x6ef60000)]
  0x6b549400 JavaThread "Thread-2010" [_thread_in_native, id=10072, stack(0x6ee80000,0x6eed0000)]
  0x6b548c00 JavaThread "Thread-2009" [_thread_in_native, id=1568, stack(0x6edf0000,0x6ee40000)]
  0x6b548800 JavaThread "Thread-2008" [_thread_in_native, id=9212, stack(0x6ed60000,0x6edb0000)]
  0x6b548000 JavaThread "Thread-2007" [_thread_in_native, id=13668, stack(0x6ecd0000,0x6ed20000)]
  0x6b547c00 JavaThread "Thread-2006" [_thread_in_native, id=15132, stack(0x6ec40000,0x6ec90000)]
  0x6b547400 JavaThread "Thread-2005" [_thread_in_native, id=9412, stack(0x6ebb0000,0x6ec00000)]
  0x6b547000 JavaThread "Thread-2004" [_thread_in_native, id=15152, stack(0x6eb20000,0x6eb70000)]
  0x6b546800 JavaThread "Thread-2003" [_thread_in_native, id=10736, stack(0x6ea90000,0x6eae0000)]
  0x6b546400 JavaThread "Thread-2002" [_thread_new, id=13220, stack(0x00000000,0x00000000)]
  0x6b545c00 JavaThread "Thread-2001" [_thread_in_native, id=14816, stack(0x6e970000,0x6e9c0000)]
  0x6b545800 JavaThread "Thread-2000" [_thread_new, id=13344, stack(0x00000000,0x00000000)]
  0x6b545000 JavaThread "Thread-1999" [_thread_in_native, id=14796, stack(0x6e850000,0x6e8a0000)]
  0x6b544c00 JavaThread "Thread-1998" [_thread_in_native, id=13008, stack(0x6e7c0000,0x6e810000)]
  0x6b544400 JavaThread "Thread-1997" [_thread_in_native, id=9660, stack(0x6e730000,0x6e780000)]
  0x6b544000 JavaThread "Thread-1996" [_thread_in_native, id=14064, stack(0x6e6a0000,0x6e6f0000)]
  0x6b543800 JavaThread "Thread-1995" [_thread_new, id=6908, stack(0x00000000,0x00000000)]
  0x6b543400 JavaThread "Thread-1994" [_thread_in_native, id=12020, stack(0x6e580000,0x6e5d0000)]
  0x6b542c00 JavaThread "Thread-1993" [_thread_new, id=7372, stack(0x00000000,0x00000000)]
  0x6b542800 JavaThread "Thread-1992" [_thread_in_native, id=9404, stack(0x6e460000,0x6e4b0000)]
  0x6b542000 JavaThread "Thread-1991" [_thread_new, id=12456, stack(0x00000000,0x00000000)]
  0x6b541c00 JavaThread "Thread-1990" [_thread_in_native, id=14448, stack(0x6e340000,0x6e390000)]
  0x6b541400 JavaThread "Thread-1989" [_thread_in_native, id=9852, stack(0x6e2b0000,0x6e300000)]
  0x6b541000 JavaThread "Thread-1988" [_thread_in_native, id=12868, stack(0x6e220000,0x6e270000)]
  0x6b540800 JavaThread "Thread-1987" [_thread_in_native, id=12436, stack(0x6e0e0000,0x6e130000)]
  0x6b540400 JavaThread "Thread-1986" [_thread_new, id=10484, stack(0x00000000,0x00000000)]
  0x6b53fc00 JavaThread "Thread-1985" [_thread_in_native, id=20248, stack(0x6df80000,0x6dfd0000)]
  0x6b53f800 JavaThread "Thread-1984" [_thread_in_native, id=8208, stack(0x6def0000,0x6df40000)]
  0x6b53f000 JavaThread "Thread-1983" [_thread_in_native, id=14368, stack(0x6de60000,0x6deb0000)]
  0x6b53ec00 JavaThread "Thread-1982" [_thread_in_native, id=11508, stack(0x6ddd0000,0x6de20000)]
  0x6b53e400 JavaThread "Thread-1981" [_thread_in_native, id=12916, stack(0x6dd40000,0x6dd90000)]
  0x6b53e000 JavaThread "Thread-1980" [_thread_in_native, id=13904, stack(0x6dcb0000,0x6dd00000)]
  0x6b53d800 JavaThread "Thread-1979" [_thread_in_native, id=13712, stack(0x6dc20000,0x6dc70000)]
  0x6b53d400 JavaThread "Thread-1978" [_thread_new, id=6972, stack(0x00000000,0x00000000)]
  0x6b53cc00 JavaThread "Thread-1977" [_thread_in_native, id=20280, stack(0x6d800000,0x6d850000)]
  0x6b53c800 JavaThread "Thread-1976" [_thread_in_native, id=20208, stack(0x6d770000,0x6d7c0000)]
  0x6b53c000 JavaThread "Thread-1975" [_thread_in_native, id=9576, stack(0x6d6e0000,0x6d730000)]
  0x6b53bc00 JavaThread "Thread-1974" [_thread_in_native, id=7724, stack(0x6d600000,0x6d650000)]
  0x6b53b400 JavaThread "Thread-1973" [_thread_in_native, id=12680, stack(0x6d510000,0x6d560000)]
  0x6b53b000 JavaThread "Thread-1972" [_thread_in_native, id=15288, stack(0x6d480000,0x6d4d0000)]
  0x6b53a800 JavaThread "Thread-1971" [_thread_in_native, id=8340, stack(0x6d3f0000,0x6d440000)]
  0x6b53a400 JavaThread "Thread-1970" [_thread_in_native, id=13644, stack(0x6d340000,0x6d390000)]
  0x6b539c00 JavaThread "Thread-1969" [_thread_new, id=20340, stack(0x00000000,0x00000000)]
  0x6b539800 JavaThread "Thread-1968" [_thread_in_native, id=6468, stack(0x6cff0000,0x6d040000)]
  0x6b539000 JavaThread "Thread-1967" [_thread_new, id=7352, stack(0x00000000,0x00000000)]
  0x6b538c00 JavaThread "Thread-1966" [_thread_in_native, id=14412, stack(0x6ced0000,0x6cf20000)]
  0x6b538400 JavaThread "Thread-1965" [_thread_in_native, id=10964, stack(0x6ce40000,0x6ce90000)]
  0x6b538000 JavaThread "Thread-1964" [_thread_in_native, id=10908, stack(0x6cdb0000,0x6ce00000)]
  0x6b537800 JavaThread "Thread-1963" [_thread_in_native, id=10536, stack(0x6cd20000,0x6cd70000)]
  0x6b537400 JavaThread "Thread-1962" [_thread_in_native, id=6472, stack(0x6cc90000,0x6cce0000)]
  0x6b536c00 JavaThread "Thread-1961" [_thread_in_native, id=7504, stack(0x6cc00000,0x6cc50000)]
  0x6b536800 JavaThread "Thread-1960" [_thread_new, id=12396, stack(0x00000000,0x00000000)]
  0x6b536000 JavaThread "Thread-1959" [_thread_in_native, id=14216, stack(0x6cae0000,0x6cb30000)]
  0x6b535c00 JavaThread "Thread-1958" [_thread_in_native, id=10304, stack(0x6ca50000,0x6caa0000)]
  0x6b535400 JavaThread "Thread-1957" [_thread_in_native, id=3324, stack(0x6c9c0000,0x6ca10000)]
  0x6b535000 JavaThread "Thread-1956" [_thread_in_native, id=10716, stack(0x6c780000,0x6c7d0000)]
  0x6b534800 JavaThread "Thread-1955" [_thread_in_native, id=1188, stack(0x6c6f0000,0x6c740000)]
  0x6b534400 JavaThread "Thread-1954" [_thread_in_native, id=14616, stack(0x6c660000,0x6c6b0000)]
  0x6b533c00 JavaThread "Thread-1953" [_thread_new, id=20268, stack(0x00000000,0x00000000)]
  0x6b533400 JavaThread "Thread-1952" [_thread_in_native, id=20308, stack(0x6c540000,0x6c590000)]
  0x6b533000 JavaThread "Thread-1951" [_thread_in_native, id=3196, stack(0x6c4f0000,0x6c540000)]
  0x6b532800 JavaThread "Thread-1950" [_thread_in_native, id=9456, stack(0x6b400000,0x6b450000)]
  0x6b532400 JavaThread "Thread-1949" [_thread_new, id=9712, stack(0x00000000,0x00000000)]
  0x6b531c00 JavaThread "Thread-1948" [_thread_in_native, id=11076, stack(0x6b270000,0x6b2c0000)]
  0x6b531800 JavaThread "Thread-1947" [_thread_in_native, id=20432, stack(0x6b120000,0x6b170000)]
  0x6b531000 JavaThread "Thread-1946" [_thread_in_native, id=20196, stack(0x6b090000,0x6b0e0000)]
  0x6b530c00 JavaThread "Thread-1945" [_thread_in_native, id=11744, stack(0x6b000000,0x6b050000)]
  0x6b530400 JavaThread "Thread-1944" [_thread_new, id=20176, stack(0x00000000,0x00000000)]
  0x6b530000 JavaThread "Thread-1943" [_thread_in_native, id=20188, stack(0x6aee0000,0x6af30000)]
  0x6b52f800 JavaThread "Thread-1942" [_thread_in_native, id=12728, stack(0x6ae50000,0x6aea0000)]
  0x6b52f400 JavaThread "Thread-1941" [_thread_in_native, id=12632, stack(0x6adc0000,0x6ae10000)]
  0x6b52ec00 JavaThread "Thread-1940" [_thread_in_native, id=11312, stack(0x6ad30000,0x6ad80000)]
  0x6b52e800 JavaThread "Thread-1939" [_thread_in_native, id=3040, stack(0x6aca0000,0x6acf0000)]
  0x6b52e000 JavaThread "Thread-1938" [_thread_in_native, id=11396, stack(0x6ac10000,0x6ac60000)]
  0x6b52dc00 JavaThread "Thread-1937" [_thread_in_native, id=7860, stack(0x6ab80000,0x6abd0000)]
  0x6b52d400 JavaThread "Thread-1936" [_thread_new, id=9228, stack(0x00000000,0x00000000)]
  0x6b52d000 JavaThread "Thread-1935" [_thread_in_native, id=12280, stack(0x6aa60000,0x6aab0000)]
  0x6b52c800 JavaThread "Thread-1934" [_thread_new, id=10852, stack(0x00000000,0x00000000)]
  0x6b52c400 JavaThread "Thread-1933" [_thread_new, id=7660, stack(0x00000000,0x00000000)]
  0x6b52bc00 JavaThread "Thread-1932" [_thread_in_native, id=3948, stack(0x6a8b0000,0x6a900000)]
  0x6b52b800 JavaThread "Thread-1931" [_thread_in_native, id=4220, stack(0x6a820000,0x6a870000)]
  0x6b52b000 JavaThread "Thread-1930" [_thread_in_native, id=7248, stack(0x6a790000,0x6a7e0000)]
  0x6b52ac00 JavaThread "Thread-1929" [_thread_in_native, id=20344, stack(0x6a700000,0x6a750000)]
  0x6b52a400 JavaThread "Thread-1928" [_thread_in_native, id=20336, stack(0x6a5e0000,0x6a630000)]
  0x6b52a000 JavaThread "Thread-1927" [_thread_in_native, id=12048, stack(0x6a550000,0x6a5a0000)]
  0x6b529800 JavaThread "Thread-1926" [_thread_in_native, id=13080, stack(0x6a4c0000,0x6a510000)]
  0x6b529400 JavaThread "Thread-1925" [_thread_in_native, id=6524, stack(0x6a430000,0x6a480000)]
  0x6b528c00 JavaThread "Thread-1924" [_thread_in_native, id=10928, stack(0x6a3a0000,0x6a3f0000)]
  0x6b528800 JavaThread "Thread-1923" [_thread_in_native, id=10360, stack(0x6a310000,0x6a360000)]
  0x6b528000 JavaThread "Thread-1922" [_thread_in_native, id=12308, stack(0x6a280000,0x6a2d0000)]
  0x6b527c00 JavaThread "Thread-1921" [_thread_in_native, id=6720, stack(0x6a1f0000,0x6a240000)]
  0x6b527400 JavaThread "Thread-1920" [_thread_in_native, id=20204, stack(0x6a160000,0x6a1b0000)]
  0x6b527000 JavaThread "Thread-1919" [_thread_in_native, id=11440, stack(0x6a0d0000,0x6a120000)]
  0x6b526800 JavaThread "Thread-1918" [_thread_in_native, id=13100, stack(0x6a040000,0x6a090000)]
  0x6b526400 JavaThread "Thread-1917" [_thread_in_native, id=896, stack(0x69fb0000,0x6a000000)]
  0x6b525c00 JavaThread "Thread-1916" [_thread_in_native, id=5132, stack(0x69f20000,0x69f70000)]
  0x6b525800 JavaThread "Thread-1915" [_thread_in_native, id=12684, stack(0x69e90000,0x69ee0000)]
  0x6b525000 JavaThread "Thread-1914" [_thread_in_native, id=6940, stack(0x69e00000,0x69e50000)]
  0x6b524c00 JavaThread "Thread-1913" [_thread_in_native, id=13824, stack(0x69d70000,0x69dc0000)]
  0x6b524400 JavaThread "Thread-1912" [_thread_in_native, id=9808, stack(0x69ce0000,0x69d30000)]
  0x6b524000 JavaThread "Thread-1911" [_thread_in_native, id=20200, stack(0x69c50000,0x69ca0000)]
  0x6b523800 JavaThread "Thread-1910" [_thread_in_native, id=5496, stack(0x69bc0000,0x69c10000)]
  0x6b523400 JavaThread "Thread-1909" [_thread_in_native, id=3864, stack(0x69b30000,0x69b80000)]
  0x6b522c00 JavaThread "Thread-1908" [_thread_in_native, id=20416, stack(0x69780000,0x697d0000)]
  0x6b522800 JavaThread "Thread-1907" [_thread_in_native, id=14624, stack(0x696f0000,0x69740000)]
  0x6b522000 JavaThread "Thread-1906" [_thread_in_native, id=3504, stack(0x69660000,0x696b0000)]
  0x6b521c00 JavaThread "Thread-1905" [_thread_in_native, id=14892, stack(0x695d0000,0x69620000)]
  0x6b521400 JavaThread "Thread-1904" [_thread_in_native, id=20172, stack(0x69540000,0x69590000)]
  0x6b521000 JavaThread "Thread-1903" [_thread_in_native, id=20168, stack(0x694b0000,0x69500000)]
  0x6b520800 JavaThread "Thread-1902" [_thread_in_native, id=12812, stack(0x69420000,0x69470000)]
  0x6b520400 JavaThread "Thread-1901" [_thread_in_native, id=10020, stack(0x69390000,0x693e0000)]
  0x3aa10800 JavaThread "Thread-1900" [_thread_in_native, id=11404, stack(0x69300000,0x69350000)]
  0x3aa10000 JavaThread "Thread-1899" [_thread_in_native, id=2464, stack(0x69270000,0x692c0000)]
  0x3aa0fc00 JavaThread "Thread-1898" [_thread_in_native, id=13300, stack(0x691e0000,0x69230000)]
  0x3aa0f400 JavaThread "Thread-1897" [_thread_in_native, id=468, stack(0x69150000,0x691a0000)]
  0x3aa0f000 JavaThread "Thread-1896" [_thread_in_native, id=9176, stack(0x690c0000,0x69110000)]
  0x3aa0e800 JavaThread "Thread-1895" [_thread_in_native, id=9796, stack(0x69030000,0x69080000)]
  0x3aa0e400 JavaThread "Thread-1894" [_thread_in_native, id=10280, stack(0x68fa0000,0x68ff0000)]
  0x3aa0dc00 JavaThread "Thread-1893" [_thread_in_native, id=8724, stack(0x68f10000,0x68f60000)]
  0x3aa0d800 JavaThread "Thread-1892" [_thread_in_native, id=15228, stack(0x68e80000,0x68ed0000)]
  0x3aa0d000 JavaThread "Thread-1891" [_thread_in_native, id=772, stack(0x68df0000,0x68e40000)]
  0x3aa0cc00 JavaThread "Thread-1890" [_thread_in_native, id=12348, stack(0x68d60000,0x68db0000)]
  0x3aa0c400 JavaThread "Thread-1889" [_thread_in_native, id=7544, stack(0x68cd0000,0x68d20000)]
  0x3aa0c000 JavaThread "Thread-1888" [_thread_in_native, id=13536, stack(0x68c40000,0x68c90000)]
  0x3aa0b800 JavaThread "Thread-1887" [_thread_in_native, id=9044, stack(0x68bb0000,0x68c00000)]
  0x3aa0b400 JavaThread "Thread-1886" [_thread_in_native, id=13068, stack(0x68b20000,0x68b70000)]
  0x3aa0ac00 JavaThread "Thread-1885" [_thread_in_native, id=14952, stack(0x68a90000,0x68ae0000)]
  0x3aa0a800 JavaThread "Thread-1884" [_thread_in_native, id=10776, stack(0x68a00000,0x68a50000)]
  0x3aa0a000 JavaThread "Thread-1883" [_thread_in_native, id=4956, stack(0x68970000,0x689c0000)]
  0x3aa09c00 JavaThread "Thread-1882" [_thread_in_native, id=20164, stack(0x688e0000,0x68930000)]
  0x3aa09400 JavaThread "Thread-1881" [_thread_in_native, id=12428, stack(0x68850000,0x688a0000)]
  0x3aa09000 JavaThread "Thread-1880" [_thread_in_native, id=9248, stack(0x687c0000,0x68810000)]
  0x3aa08800 JavaThread "Thread-1879" [_thread_in_native, id=7048, stack(0x68730000,0x68780000)]
  0x3aa08400 JavaThread "Thread-1878" [_thread_in_native, id=9768, stack(0x686a0000,0x686f0000)]
  0x3aa07c00 JavaThread "Thread-1877" [_thread_in_native, id=12080, stack(0x682b0000,0x68300000)]
  0x3aa07800 JavaThread "Thread-1876" [_thread_in_native, id=7520, stack(0x68610000,0x68660000)]
  0x3aa07000 JavaThread "Thread-1875" [_thread_in_native, id=11248, stack(0x68340000,0x68390000)]
  0x3aa06c00 JavaThread "Thread-1874" [_thread_in_native, id=14584, stack(0x68580000,0x685d0000)]
  0x3aa06400 JavaThread "Thread-1873" [_thread_in_native, id=13928, stack(0x684f0000,0x68540000)]
  0x3aa06000 JavaThread "Thread-1872" [_thread_in_native, id=8416, stack(0x68460000,0x684b0000)]
  0x3aa05800 JavaThread "Thread-1871" [_thread_in_native, id=2484, stack(0x683d0000,0x68420000)]
  0x3aa05400 JavaThread "Thread-1870" [_thread_in_native, id=10272, stack(0x68220000,0x68270000)]
  0x3aa04c00 JavaThread "Thread-1869" [_thread_in_native, id=9440, stack(0x68190000,0x681e0000)]
  0x3aa04800 JavaThread "Thread-1868" [_thread_in_native, id=14348, stack(0x68100000,0x68150000)]
  0x3aa04000 JavaThread "Thread-1867" [_thread_in_native, id=12240, stack(0x68070000,0x680c0000)]
  0x3aa03c00 JavaThread "Thread-1866" [_thread_in_native, id=14252, stack(0x67da0000,0x67df0000)]
  0x3aa03400 JavaThread "Thread-1865" [_thread_in_native, id=12524, stack(0x67d10000,0x67d60000)]
  0x3aa03000 JavaThread "Thread-1864" [_thread_in_native, id=12208, stack(0x67fe0000,0x68030000)]
  0x3aa02800 JavaThread "Thread-1863" [_thread_in_native, id=14552, stack(0x67f50000,0x67fa0000)]
  0x3aa02000 JavaThread "Thread-1862" [_thread_in_native, id=10152, stack(0x67ec0000,0x67f10000)]
  0x3aa01c00 JavaThread "Thread-1861" [_thread_in_native, id=13228, stack(0x67e30000,0x67e80000)]
  0x3aa01400 JavaThread "Thread-1860" [_thread_in_native, id=12588, stack(0x67c80000,0x67cd0000)]
  0x3aa01000 JavaThread "Thread-1859" [_thread_in_native, id=12748, stack(0x67bf0000,0x67c40000)]
  0x3aa00800 JavaThread "Thread-1858" [_thread_in_native, id=11188, stack(0x67b60000,0x67bb0000)]
  0x3aa00400 JavaThread "Thread-1857" [_thread_in_native, id=12828, stack(0x67ad0000,0x67b20000)]
  0x3a9ffc00 JavaThread "Thread-1856" [_thread_in_native, id=10060, stack(0x67a40000,0x67a90000)]
  0x3a9ff800 JavaThread "Thread-1855" [_thread_in_native, id=11572, stack(0x676e0000,0x67730000)]
  0x3a9ff000 JavaThread "Thread-1854" [_thread_in_native, id=13584, stack(0x679b0000,0x67a00000)]
  0x3a9fec00 JavaThread "Thread-1853" [_thread_in_native, id=14712, stack(0x67920000,0x67970000)]
  0x3a9fe400 JavaThread "Thread-1852" [_thread_in_native, id=1556, stack(0x67890000,0x678e0000)]
  0x3a9fe000 JavaThread "Thread-1851" [_thread_in_native, id=9832, stack(0x67800000,0x67850000)]
  0x3a9fd800 JavaThread "Thread-1850" [_thread_in_native, id=11656, stack(0x67770000,0x677c0000)]
  0x3a9fd400 JavaThread "Thread-1849" [_thread_in_native, id=7068, stack(0x67650000,0x676a0000)]
  0x3a9fcc00 JavaThread "Thread-1848" [_thread_in_native, id=14440, stack(0x675c0000,0x67610000)]
  0x3a9fc800 JavaThread "Thread-1847" [_thread_in_native, id=3312, stack(0x67530000,0x67580000)]
  0x3a9fc000 JavaThread "Thread-1846" [_thread_in_native, id=20380, stack(0x674a0000,0x674f0000)]
  0x3a9fbc00 JavaThread "Thread-1845" [_thread_in_native, id=8812, stack(0x67410000,0x67460000)]
  0x3a9fb400 JavaThread "Thread-1844" [_thread_in_native, id=7444, stack(0x67380000,0x673d0000)]
  0x3a9fb000 JavaThread "Thread-1843" [_thread_in_native, id=12088, stack(0x672f0000,0x67340000)]
  0x3a9fa800 JavaThread "Thread-1842" [_thread_in_native, id=6988, stack(0x670b0000,0x67100000)]
  0x3a9fa400 JavaThread "Thread-1841" [_thread_in_native, id=940, stack(0x67260000,0x672b0000)]
  0x3a9f9c00 JavaThread "Thread-1840" [_thread_in_native, id=10548, stack(0x671d0000,0x67220000)]
  0x3a9f9800 JavaThread "Thread-1839" [_thread_in_native, id=7652, stack(0x67140000,0x67190000)]
  0x3a9f9000 JavaThread "Thread-1838" [_thread_in_native, id=6976, stack(0x67020000,0x67070000)]
  0x3a9f8c00 JavaThread "Thread-1837" [_thread_in_native, id=20276, stack(0x66f90000,0x66fe0000)]
  0x3a9f8400 JavaThread "Thread-1836" [_thread_in_native, id=9108, stack(0x66f00000,0x66f50000)]
  0x3a9f8000 JavaThread "Thread-1835" [_thread_in_native, id=1592, stack(0x66e70000,0x66ec0000)]
  0x3a9f7800 JavaThread "Thread-1834" [_thread_in_native, id=10444, stack(0x66ba0000,0x66bf0000)]
  0x3a9f7400 JavaThread "Thread-1833" [_thread_in_native, id=11416, stack(0x66b10000,0x66b60000)]
  0x3a9f6c00 JavaThread "Thread-1832" [_thread_in_native, id=8564, stack(0x66de0000,0x66e30000)]
  0x3a9f6800 JavaThread "Thread-1831" [_thread_in_native, id=11552, stack(0x66d50000,0x66da0000)]
  0x3a9f6000 JavaThread "Thread-1830" [_thread_in_native, id=2100, stack(0x66cc0000,0x66d10000)]
  0x3a9f5c00 JavaThread "Thread-1829" [_thread_in_native, id=7384, stack(0x66c30000,0x66c80000)]
  0x3a9f5400 JavaThread "Thread-1828" [_thread_in_native, id=3952, stack(0x66a80000,0x66ad0000)]
  0x3a9f5000 JavaThread "Thread-1827" [_thread_in_native, id=8244, stack(0x669f0000,0x66a40000)]
  0x3a9f4800 JavaThread "Thread-1826" [_thread_in_native, id=11420, stack(0x66960000,0x669b0000)]
  0x3a9f4400 JavaThread "Thread-1825" [_thread_in_native, id=10724, stack(0x668d0000,0x66920000)]
  0x3a9f3c00 JavaThread "Thread-1824" [_thread_in_native, id=14820, stack(0x664e0000,0x66530000)]
  0x3a9f3800 JavaThread "Thread-1823" [_thread_in_native, id=12176, stack(0x66840000,0x66890000)]
  0x3a9f3000 JavaThread "Thread-1822" [_thread_in_native, id=14760, stack(0x66570000,0x665c0000)]
  0x3a9f2c00 JavaThread "Thread-1821" [_thread_in_native, id=12364, stack(0x667b0000,0x66800000)]
  0x3a9f2400 JavaThread "Thread-1820" [_thread_in_native, id=11800, stack(0x66720000,0x66770000)]
  0x3a9f2000 JavaThread "Thread-1819" [_thread_in_native, id=10804, stack(0x66690000,0x666e0000)]
  0x3a9f1800 JavaThread "Thread-1818" [_thread_in_native, id=6140, stack(0x66600000,0x66650000)]
  0x3a9f1400 JavaThread "Thread-1817" [_thread_in_native, id=14752, stack(0x66450000,0x664a0000)]
  0x3a9f0c00 JavaThread "Thread-1816" [_thread_in_native, id=15324, stack(0x663c0000,0x66410000)]
  0x3a9f0800 JavaThread "Thread-1815" [_thread_in_native, id=7452, stack(0x66330000,0x66380000)]
  0x3a9f0000 JavaThread "Thread-1814" [_thread_in_native, id=12424, stack(0x660f0000,0x66140000)]
  0x3a9efc00 JavaThread "Thread-1813" [_thread_in_native, id=7344, stack(0x66060000,0x660b0000)]
  0x3a9ef400 JavaThread "Thread-1812" [_thread_in_native, id=8504, stack(0x65fd0000,0x66020000)]
  0x3a9ef000 JavaThread "Thread-1811" [_thread_in_native, id=6164, stack(0x662a0000,0x662f0000)]
  0x3a9ee800 JavaThread "Thread-1810" [_thread_in_native, id=4004, stack(0x66210000,0x66260000)]
  0x3a9ee400 JavaThread "Thread-1809" [_thread_in_native, id=11812, stack(0x66180000,0x661d0000)]
  0x3a9edc00 JavaThread "Thread-1808" [_thread_in_native, id=7364, stack(0x65f40000,0x65f90000)]
  0x3a9ed800 JavaThread "Thread-1807" [_thread_in_native, id=9464, stack(0x65eb0000,0x65f00000)]
  0x3a9ed000 JavaThread "Thread-1806" [_thread_in_native, id=4624, stack(0x65e20000,0x65e70000)]
  0x3a9ecc00 JavaThread "Thread-1805" [_thread_in_native, id=3432, stack(0x65d90000,0x65de0000)]
  0x3a9ec400 JavaThread "Thread-1804" [_thread_in_native, id=15072, stack(0x65d00000,0x65d50000)]
  0x3a9ec000 JavaThread "Thread-1803" [_thread_in_native, id=8948, stack(0x65c70000,0x65cc0000)]
  0x3a9eb800 JavaThread "Thread-1802" [_thread_in_native, id=6948, stack(0x65be0000,0x65c30000)]
  0x3a9eb400 JavaThread "Thread-1801" [_thread_in_native, id=1528, stack(0x65b50000,0x65ba0000)]
  0x3a9eac00 JavaThread "Thread-1800" [_thread_in_native, id=6080, stack(0x65ac0000,0x65b10000)]
  0x3a9ea800 JavaThread "Thread-1799" [_thread_in_native, id=14856, stack(0x65a30000,0x65a80000)]
  0x3a9ea000 JavaThread "Thread-1798" [_thread_in_native, id=12380, stack(0x659a0000,0x659f0000)]
  0x3a9e9800 JavaThread "Thread-1797" [_thread_in_native, id=14948, stack(0x65910000,0x65960000)]
  0x3a9e9400 JavaThread "Thread-1796" [_thread_in_native, id=6496, stack(0x65880000,0x658d0000)]
  0x3a9e8c00 JavaThread "Thread-1795" [_thread_in_native, id=7040, stack(0x657f0000,0x65840000)]
  0x3a9e8800 JavaThread "Thread-1794" [_thread_in_native, id=11764, stack(0x65760000,0x657b0000)]
  0x3a9e8000 JavaThread "Thread-1793" [_thread_in_native, id=13512, stack(0x656d0000,0x65720000)]
  0x3a9e7c00 JavaThread "Thread-1792" [_thread_in_native, id=13628, stack(0x65640000,0x65690000)]
  0x3a9e7400 JavaThread "Thread-1791" [_thread_in_native, id=13740, stack(0x65380000,0x653d0000)]
  0x3a9e7000 JavaThread "Thread-1790" [_thread_in_native, id=11176, stack(0x655b0000,0x65600000)]
  0x3a9e6800 JavaThread "Thread-1789" [_thread_in_native, id=11868, stack(0x65520000,0x65570000)]
  0x3a9e6400 JavaThread "Thread-1788" [_thread_in_native, id=11156, stack(0x65220000,0x65270000)]
  0x3a9e5c00 JavaThread "Thread-1787" [_thread_in_native, id=12704, stack(0x65070000,0x650c0000)]
  0x3a9e5800 JavaThread "Thread-1786" [_thread_in_native, id=14944, stack(0x65490000,0x654e0000)]
  0x3a9e5000 JavaThread "Thread-1785" [_thread_in_native, id=14316, stack(0x649b0000,0x64a00000)]
  0x3a9e4c00 JavaThread "Thread-1784" [_thread_in_native, id=3476, stack(0x64920000,0x64970000)]
  0x3a9e4400 JavaThread "Thread-1783" [_thread_in_native, id=3044, stack(0x64f00000,0x64f50000)]
  0x3a9e4000 JavaThread "Thread-1782" [_thread_in_native, id=15012, stack(0x65190000,0x651e0000)]
  0x3a9e3800 JavaThread "Thread-1781" [_thread_in_native, id=14848, stack(0x64b20000,0x64b70000)]
  0x3a9e3400 JavaThread "Thread-1780" [_thread_in_native, id=8804, stack(0x65400000,0x65450000)]
  0x3a9e2c00 JavaThread "Thread-1779" [_thread_in_native, id=8432, stack(0x646e0000,0x64730000)]
  0x3a9e2800 JavaThread "Thread-1778" [_thread_in_native, id=7992, stack(0x652b0000,0x65300000)]
  0x3a9e2000 JavaThread "Thread-1777" [_thread_in_native, id=13152, stack(0x64800000,0x64850000)]
  0x3a9e1c00 JavaThread "Thread-1776" [_thread_in_native, id=14152, stack(0x65100000,0x65150000)]
  0x3a9e1400 JavaThread "Thread-1775" [_thread_in_native, id=7076, stack(0x64fe0000,0x65030000)]
  0x3a9e1000 JavaThread "Thread-1774" [_thread_in_native, id=10052, stack(0x64f50000,0x64fa0000)]
  0x3a9e0800 JavaThread "Thread-1773" [_thread_in_native, id=11640, stack(0x64a90000,0x64ae0000)]
  0x3a9e0400 JavaThread "Thread-1772" [_thread_in_native, id=11424, stack(0x64bf0000,0x64c40000)]
  0x3a9dfc00 JavaThread "Thread-1771" [_thread_in_native, id=6776, stack(0x64e30000,0x64e80000)]
  0x3a9df800 JavaThread "Thread-1770" [_thread_in_native, id=12984, stack(0x64da0000,0x64df0000)]
  0x3a9df000 JavaThread "Thread-1769" [_thread_in_native, id=9536, stack(0x64d10000,0x64d60000)]
  0x3a9dec00 JavaThread "Thread-1768" [_thread_in_native, id=12416, stack(0x64c80000,0x64cd0000)]
  0x3a9de400 JavaThread "Thread-1767" [_thread_in_native, id=13056, stack(0x64a40000,0x64a90000)]
  0x3a9de000 JavaThread "Thread-1766" [_thread_in_native, id=12992, stack(0x64890000,0x648e0000)]
  0x3a9dd800 JavaThread "Thread-1765" [_thread_in_native, id=14312, stack(0x64770000,0x647c0000)]
  0x3a9dd400 JavaThread "Thread-1764" [_thread_in_native, id=13208, stack(0x64650000,0x646a0000)]
  0x3a9dcc00 JavaThread "Thread-1763" [_thread_in_native, id=14088, stack(0x645c0000,0x64610000)]
  0x3a9dc800 JavaThread "Thread-1762" [_thread_in_native, id=10660, stack(0x64530000,0x64580000)]
  0x3a9dc000 JavaThread "Thread-1761" [_thread_new, id=11364, stack(0x00000000,0x00000000)]
  0x3a9dbc00 JavaThread "Thread-1760" [_thread_in_native, id=9668, stack(0x642f0000,0x64340000)]
  0x3a9db400 JavaThread "Thread-1759" [_thread_in_native, id=9432, stack(0x64410000,0x64460000)]
  0x3a9db000 JavaThread "Thread-1758" [_thread_in_native, id=10968, stack(0x640b0000,0x64100000)]
  0x3a9da800 JavaThread "Thread-1757" [_thread_in_native, id=14532, stack(0x64380000,0x643d0000)]
  0x3a9da400 JavaThread "Thread-1756" [_thread_in_native, id=13444, stack(0x64020000,0x64070000)]
  0x3a9d9c00 JavaThread "Thread-1755" [_thread_in_native, id=5932, stack(0x63de0000,0x63e30000)]
  0x3a9d9800 JavaThread "Thread-1754" [_thread_in_native, id=9508, stack(0x64260000,0x642b0000)]
  0x3a9d9000 JavaThread "Thread-1753" [_thread_in_native, id=10036, stack(0x641d0000,0x64220000)]
  0x3a9d8c00 JavaThread "Thread-1752" [_thread_in_native, id=10812, stack(0x63d50000,0x63da0000)]
  0x3a9d8400 JavaThread "Thread-1751" [_thread_in_native, id=15144, stack(0x64140000,0x64190000)]
  0x3a9d8000 JavaThread "Thread-1750" [_thread_in_native, id=7268, stack(0x63f90000,0x63fe0000)]
  0x3a9d7800 JavaThread "Thread-1749" [_thread_in_native, id=9592, stack(0x63f00000,0x63f50000)]
  0x3a9d7400 JavaThread "Thread-1748" [_thread_in_native, id=8012, stack(0x63e70000,0x63ec0000)]
  0x3a9d6c00 JavaThread "Thread-1747" [_thread_in_native, id=7912, stack(0x63cc0000,0x63d10000)]
  0x3a9d6800 JavaThread "Thread-1746" [_thread_in_native, id=8944, stack(0x63c30000,0x63c80000)]
  0x3a9d6000 JavaThread "Thread-1745" [_thread_new, id=11460, stack(0x00000000,0x00000000)]
  0x3a9d5c00 JavaThread "Thread-1744" [_thread_in_native, id=14048, stack(0x63b10000,0x63b60000)]
  0x3a9d5400 JavaThread "Thread-1743" [_thread_in_native, id=9724, stack(0x63a80000,0x63ad0000)]
  0x3a9d5000 JavaThread "Thread-1742" [_thread_in_native, id=7744, stack(0x639f0000,0x63a40000)]
  0x3a9d4800 JavaThread "Thread-1741" [_thread_new, id=9012, stack(0x00000000,0x00000000)]
  0x3a9d4400 JavaThread "Thread-1740" [_thread_in_native, id=5176, stack(0x63720000,0x63770000)]
  0x3a9d3c00 JavaThread "Thread-1739" [_thread_in_native, id=7008, stack(0x638d0000,0x63920000)]
  0x3a9d3800 JavaThread "Thread-1738" [_thread_in_native, id=13952, stack(0x63840000,0x63890000)]
  0x3a9d3000 JavaThread "Thread-1737" [_thread_in_native, id=15316, stack(0x637b0000,0x63800000)]
  0x3a9d2c00 JavaThread "Thread-1736" [_thread_in_native, id=8384, stack(0x63690000,0x636e0000)]
  0x3a9d2400 JavaThread "Thread-1735" [_thread_in_native, id=5256, stack(0x63600000,0x63650000)]
  0x3a9d1c00 JavaThread "Thread-1734" [_thread_in_native, id=14520, stack(0x63570000,0x635c0000)]
  0x3a9d1800 JavaThread "Thread-1733" [_thread_in_native, id=13368, stack(0x634e0000,0x63530000)]
  0x3a9d1000 JavaThread "Thread-1732" [_thread_in_native, id=6132, stack(0x63450000,0x634a0000)]
  0x3a922800 JavaThread "Thread-1731" [_thread_in_native, id=10252, stack(0x633c0000,0x63410000)]
  0x3a922000 JavaThread "Thread-1730" [_thread_in_native, id=11660, stack(0x63330000,0x63380000)]
  0x3a921c00 JavaThread "Thread-1729" [_thread_in_native, id=8200, stack(0x632a0000,0x632f0000)]
  0x3a921400 JavaThread "Thread-1728" [_thread_in_native, id=14208, stack(0x63210000,0x63260000)]
  0x3a921000 JavaThread "Thread-1727" [_thread_in_native, id=13024, stack(0x63180000,0x631d0000)]
  0x3a920800 JavaThread "Thread-1726" [_thread_in_native, id=10712, stack(0x630f0000,0x63140000)]
  0x3a920400 JavaThread "Thread-1725" [_thread_in_native, id=14684, stack(0x63060000,0x630b0000)]
  0x3a91fc00 JavaThread "Thread-1724" [_thread_in_native, id=6128, stack(0x62fd0000,0x63020000)]
  0x3a91f800 JavaThread "Thread-1723" [_thread_in_native, id=14604, stack(0x62f40000,0x62f90000)]
  0x3a91f000 JavaThread "Thread-1722" [_thread_in_native, id=6040, stack(0x62eb0000,0x62f00000)]
  0x3a91ec00 JavaThread "Thread-1721" [_thread_in_native, id=13784, stack(0x62e20000,0x62e70000)]
  0x3a91e400 JavaThread "Thread-1720" [_thread_in_native, id=7580, stack(0x62d90000,0x62de0000)]
  0x3a91e000 JavaThread "Thread-1719" [_thread_in_native, id=10884, stack(0x62d00000,0x62d50000)]
  0x3a91d800 JavaThread "Thread-1718" [_thread_in_native, id=11376, stack(0x62c70000,0x62cc0000)]
  0x3a91d400 JavaThread "Thread-1717" [_thread_in_native, id=12784, stack(0x62be0000,0x62c30000)]
  0x3a91cc00 JavaThread "Thread-1716" [_thread_in_native, id=9264, stack(0x62b50000,0x62ba0000)]
  0x3a91c800 JavaThread "Thread-1715" [_thread_in_native, id=15164, stack(0x62ac0000,0x62b10000)]
  0x3a91c000 JavaThread "Thread-1714" [_thread_in_native, id=8576, stack(0x62a30000,0x62a80000)]
  0x3a91bc00 JavaThread "Thread-1713" [_thread_in_native, id=5276, stack(0x629a0000,0x629f0000)]
  0x3a91b400 JavaThread "Thread-1712" [_thread_in_native, id=1744, stack(0x62910000,0x62960000)]
  0x3a91b000 JavaThread "Thread-1711" [_thread_in_native, id=9780, stack(0x62880000,0x628d0000)]
  0x3a91a800 JavaThread "Thread-1710" [_thread_in_native, id=2828, stack(0x627f0000,0x62840000)]
  0x3a91a400 JavaThread "Thread-1709" [_thread_in_native, id=20236, stack(0x62760000,0x627b0000)]
  0x3a919c00 JavaThread "Thread-1708" [_thread_in_native, id=12996, stack(0x622e0000,0x62330000)]
  0x3a919800 JavaThread "Thread-1707" [_thread_in_native, id=14868, stack(0x626d0000,0x62720000)]
  0x3a919000 JavaThread "Thread-1706" [_thread_in_native, id=7060, stack(0x62640000,0x62690000)]
  0x3a918c00 JavaThread "Thread-1705" [_thread_in_native, id=15236, stack(0x625b0000,0x62600000)]
  0x3a918400 JavaThread "Thread-1704" [_thread_in_native, id=5896, stack(0x62520000,0x62570000)]
  0x3a918000 JavaThread "Thread-1703" [_thread_in_native, id=11700, stack(0x62130000,0x62180000)]
  0x3a917800 JavaThread "Thread-1702" [_thread_in_native, id=14292, stack(0x620a0000,0x620f0000)]
  0x3a917400 JavaThread "Thread-1701" [_thread_in_native, id=11144, stack(0x62010000,0x62060000)]
  0x3a916c00 JavaThread "Thread-1700" [_thread_in_native, id=12440, stack(0x62490000,0x624e0000)]
  0x3a916800 JavaThread "Thread-1699" [_thread_in_native, id=14228, stack(0x62400000,0x62450000)]
  0x3a916000 JavaThread "Thread-1698" [_thread_in_native, id=20228, stack(0x62370000,0x623c0000)]
  0x3a915c00 JavaThread "Thread-1697" [_thread_in_native, id=6424, stack(0x62250000,0x622a0000)]
  0x3a915400 JavaThread "Thread-1696" [_thread_in_native, id=5296, stack(0x621c0000,0x62210000)]
  0x3a915000 JavaThread "Thread-1695" [_thread_in_native, id=5664, stack(0x61f80000,0x61fd0000)]
  0x3a914800 JavaThread "Thread-1694" [_thread_in_native, id=1816, stack(0x61ef0000,0x61f40000)]
  0x3a914000 JavaThread "Thread-1693" [_thread_in_native, id=9632, stack(0x61e60000,0x61eb0000)]
  0x3a913c00 JavaThread "Thread-1692" [_thread_in_native, id=12608, stack(0x61dd0000,0x61e20000)]
  0x3a913400 JavaThread "Thread-1691" [_thread_in_native, id=4952, stack(0x61d40000,0x61d90000)]
  0x3a913000 JavaThread "Thread-1690" [_thread_in_native, id=6408, stack(0x61b00000,0x61b50000)]
  0x3a912800 JavaThread "Thread-1689" [_thread_in_native, id=3236, stack(0x61a70000,0x61ac0000)]
  0x3a912400 JavaThread "Thread-1688" [_thread_in_native, id=13580, stack(0x61cb0000,0x61d00000)]
  0x3a911c00 JavaThread "Thread-1687" [_thread_in_native, id=7664, stack(0x61c20000,0x61c70000)]
  0x3a911800 JavaThread "Thread-1686" [_thread_in_native, id=13732, stack(0x61b90000,0x61be0000)]
  0x3a911000 JavaThread "Thread-1685" [_thread_in_native, id=12324, stack(0x619e0000,0x61a30000)]
  0x3a910c00 JavaThread "Thread-1684" [_thread_in_native, id=13876, stack(0x61950000,0x619a0000)]
  0x3a910400 JavaThread "Thread-1683" [_thread_in_native, id=5576, stack(0x618c0000,0x61910000)]
  0x3a910000 JavaThread "Thread-1682" [_thread_in_native, id=1296, stack(0x61830000,0x61880000)]
  0x3a90f800 JavaThread "Thread-1681" [_thread_in_native, id=6568, stack(0x617a0000,0x617f0000)]
  0x3a90f400 JavaThread "Thread-1680" [_thread_in_native, id=13800, stack(0x61560000,0x615b0000)]
  0x3a90ec00 JavaThread "Thread-1679" [_thread_in_native, id=11716, stack(0x614d0000,0x61520000)]
  0x3a90e800 JavaThread "Thread-1678" [_thread_in_native, id=12296, stack(0x61710000,0x61760000)]
  0x3a90e000 JavaThread "Thread-1677" [_thread_in_native, id=20424, stack(0x61680000,0x616d0000)]
  0x3a90dc00 JavaThread "Thread-1676" [_thread_in_native, id=20436, stack(0x615f0000,0x61640000)]
  0x3a90d400 JavaThread "Thread-1675" [_thread_in_native, id=20444, stack(0x61440000,0x61490000)]
  0x3a90d000 JavaThread "Thread-1674" [_thread_in_native, id=20472, stack(0x613b0000,0x61400000)]
  0x3a90c800 JavaThread "Thread-1673" [_thread_in_native, id=20468, stack(0x61320000,0x61370000)]
  0x3a90c400 JavaThread "Thread-1672" [_thread_in_native, id=20464, stack(0x61290000,0x612e0000)]
  0x3a90bc00 JavaThread "Thread-1671" [_thread_in_native, id=20460, stack(0x61200000,0x61250000)]
  0x3a90b800 JavaThread "Thread-1670" [_thread_in_native, id=20456, stack(0x61170000,0x611c0000)]
  0x3a90b000 JavaThread "Thread-1669" [_thread_in_native, id=20452, stack(0x60f30000,0x60f80000)]
  0x3a90ac00 JavaThread "Thread-1668" [_thread_in_native, id=20448, stack(0x60ea0000,0x60ef0000)]
  0x3a90a400 JavaThread "Thread-1667" [_thread_in_native, id=20440, stack(0x610e0000,0x61130000)]
  0x3a90a000 JavaThread "Thread-1666" [_thread_in_native, id=20420, stack(0x61050000,0x610a0000)]
  0x3a909800 JavaThread "Thread-1665" [_thread_in_native, id=20428, stack(0x60fc0000,0x61010000)]
  0x3a909400 JavaThread "Thread-1664" [_thread_in_native, id=20312, stack(0x60e10000,0x60e60000)]
  0x3a908c00 JavaThread "Thread-1663" [_thread_in_native, id=10140, stack(0x60d80000,0x60dd0000)]
  0x3a908800 JavaThread "Thread-1662" [_thread_in_native, id=728, stack(0x60cf0000,0x60d40000)]
  0x3a908000 JavaThread "Thread-1661" [_thread_in_native, id=20216, stack(0x605d0000,0x60620000)]
  0x3a907c00 JavaThread "Thread-1660" [_thread_in_native, id=11972, stack(0x60540000,0x60590000)]
  0x3a907400 JavaThread "Thread-1659" [_thread_in_native, id=4740, stack(0x604b0000,0x60500000)]
  0x3a907000 JavaThread "Thread-1658" [_thread_in_native, id=20404, stack(0x60420000,0x60470000)]
  0x3a906800 JavaThread "Thread-1657" [_thread_in_native, id=14852, stack(0x5fda0000,0x5fdf0000)]
  0x3a906400 JavaThread "Thread-1656" [_thread_in_native, id=11244, stack(0x5ff90000,0x5ffe0000)]
  0x3a905c00 JavaThread "Thread-1655" [_thread_in_native, id=14644, stack(0x5ff00000,0x5ff50000)]
  0x3a905800 JavaThread "Thread-1654" [_thread_in_native, id=14696, stack(0x5fe70000,0x5fec0000)]
  0x3a905000 JavaThread "Thread-1653" [_thread_in_native, id=20392, stack(0x5fd50000,0x5fda0000)]
  0x3a904c00 JavaThread "Thread-1652" [_thread_in_native, id=14716, stack(0x5fcc0000,0x5fd10000)]
  0x3a904400 JavaThread "Thread-1651" [_thread_in_native, id=11776, stack(0x5fc30000,0x5fc80000)]
  0x3a904000 JavaThread "Thread-1650" [_thread_in_native, id=15340, stack(0x5fba0000,0x5fbf0000)]
  0x3a903800 JavaThread "Thread-1649" [_thread_in_native, id=20384, stack(0x5fb10000,0x5fb60000)]
  0x3a903400 JavaThread "Thread-1648" [_thread_in_native, id=15196, stack(0x5fa80000,0x5fad0000)]
  0x3a902c00 JavaThread "Thread-1647" [_thread_in_native, id=20352, stack(0x5f840000,0x5f890000)]
  0x3a902800 JavaThread "Thread-1646" [_thread_in_native, id=20348, stack(0x5f9f0000,0x5fa40000)]
  0x3a902000 JavaThread "Thread-1645" [_thread_in_native, id=20376, stack(0x5f960000,0x5f9b0000)]
  0x3a901c00 JavaThread "Thread-1644" [_thread_in_native, id=11012, stack(0x5f8d0000,0x5f920000)]
  0x3a901400 JavaThread "Thread-1643" [_thread_in_native, id=20264, stack(0x5f7b0000,0x5f800000)]
  0x3a901000 JavaThread "Thread-1642" [_thread_in_native, id=20364, stack(0x5f720000,0x5f770000)]
  0x3a900800 JavaThread "Thread-1641" [_thread_in_native, id=13500, stack(0x5f690000,0x5f6e0000)]
  0x3a900400 JavaThread "Thread-1640" [_thread_in_native, id=7648, stack(0x5f600000,0x5f650000)]
  0x3a8ffc00 JavaThread "Thread-1639" [_thread_in_native, id=5016, stack(0x5f570000,0x5f5c0000)]
  0x3a8ff800 JavaThread "Thread-1638" [_thread_in_native, id=11340, stack(0x5f480000,0x5f4d0000)]
  0x3a8ff000 JavaThread "Thread-1637" [_thread_in_native, id=9656, stack(0x5f3f0000,0x5f440000)]
  0x3a8fec00 JavaThread "Thread-1636" [_thread_in_native, id=20356, stack(0x5f360000,0x5f3b0000)]
  0x3a8fe400 JavaThread "Thread-1635" [_thread_in_native, id=10792, stack(0x5f120000,0x5f170000)]
  0x3a8fe000 JavaThread "Thread-1634" [_thread_in_native, id=11820, stack(0x5f2d0000,0x5f320000)]
  0x3a8fd800 JavaThread "Thread-1633" [_thread_in_native, id=12844, stack(0x5f240000,0x5f290000)]
  0x3a8fd400 JavaThread "Thread-1632" [_thread_in_native, id=7356, stack(0x5f1b0000,0x5f200000)]
  0x3a8fcc00 JavaThread "Thread-1631" [_thread_in_native, id=20316, stack(0x5f090000,0x5f0e0000)]
  0x3a8fc800 JavaThread "Thread-1630" [_thread_in_native, id=14804, stack(0x5f000000,0x5f050000)]
  0x3a8fc000 JavaThread "Thread-1629" [_thread_in_native, id=12520, stack(0x5ef70000,0x5efc0000)]
  0x3a8fb800 JavaThread "Thread-1628" [_thread_in_native, id=3260, stack(0x5eee0000,0x5ef30000)]
  0x3a8fb400 JavaThread "Thread-1627" [_thread_in_native, id=4328, stack(0x5ee50000,0x5eea0000)]
  0x3a8fac00 JavaThread "Thread-1626" [_thread_in_native, id=20296, stack(0x5edc0000,0x5ee10000)]
  0x3a8fa800 JavaThread "Thread-1625" [_thread_in_native, id=20184, stack(0x5ed30000,0x5ed80000)]
  0x3a8fa000 JavaThread "Thread-1624" [_thread_in_native, id=20284, stack(0x5eca0000,0x5ecf0000)]
  0x3a8f9c00 JavaThread "Thread-1623" [_thread_in_native, id=1772, stack(0x5ec10000,0x5ec60000)]
  0x3a8f9400 JavaThread "Thread-1622" [_thread_in_native, id=5112, stack(0x5eb80000,0x5ebd0000)]
  0x3a8f9000 JavaThread "Thread-1621" [_thread_in_native, id=11348, stack(0x5eaf0000,0x5eb40000)]
  0x3a8f8800 JavaThread "Thread-1620" [_thread_in_native, id=20272, stack(0x5ea60000,0x5eab0000)]
  0x3a8f8400 JavaThread "Thread-1619" [_thread_in_native, id=20240, stack(0x5e9d0000,0x5ea20000)]
  0x3a8f7c00 JavaThread "Thread-1618" [_thread_in_native, id=20244, stack(0x5e940000,0x5e990000)]
  0x3a8f7800 JavaThread "Thread-1617" [_thread_in_native, id=20260, stack(0x5e8b0000,0x5e900000)]
  0x3a8f7000 JavaThread "Thread-1616" [_thread_in_native, id=13504, stack(0x5e820000,0x5e870000)]
  0x3a8f6c00 JavaThread "Thread-1615" [_thread_in_native, id=13112, stack(0x5e790000,0x5e7e0000)]
  0x3a8f6400 JavaThread "Thread-1614" [_thread_in_native, id=4472, stack(0x5e0c0000,0x5e110000)]
  0x3a8f6000 JavaThread "Thread-1613" [_thread_in_native, id=14508, stack(0x5e300000,0x5e350000)]
  0x3a8f5800 JavaThread "Thread-1612" [_thread_in_native, id=20252, stack(0x5e270000,0x5e2c0000)]
  0x3a8f5400 JavaThread "Thread-1611" [_thread_in_native, id=10768, stack(0x5e1e0000,0x5e230000)]
  0x3a8f4c00 JavaThread "Thread-1610" [_thread_in_native, id=13016, stack(0x5e150000,0x5e1a0000)]
  0x3a8f4800 JavaThread "Thread-1609" [_thread_in_native, id=7368, stack(0x5e030000,0x5e080000)]
  0x3a8f4000 JavaThread "Thread-1608" [_thread_in_native, id=20224, stack(0x5dfa0000,0x5dff0000)]
  0x3a8f3c00 JavaThread "Thread-1607" [_thread_in_native, id=10692, stack(0x5df10000,0x5df60000)]
  0x3a8f3400 JavaThread "Thread-1606" [_thread_in_native, id=15060, stack(0x5de80000,0x5ded0000)]
  0x3a8f3000 JavaThread "Thread-1605" [_thread_in_native, id=13092, stack(0x5ddf0000,0x5de40000)]
  0x3a8f2800 JavaThread "Thread-1604" [_thread_in_native, id=9992, stack(0x5dd60000,0x5ddb0000)]
  0x3a8f2400 JavaThread "Thread-1603" [_thread_in_native, id=13988, stack(0x5dcd0000,0x5dd20000)]
  0x3a8f1c00 JavaThread "Thread-1602" [_thread_in_native, id=8556, stack(0x5dc40000,0x5dc90000)]
  0x3a8f1800 JavaThread "Thread-1601" [_thread_in_native, id=5232, stack(0x5dbb0000,0x5dc00000)]
  0x3a8f1000 JavaThread "Thread-1600" [_thread_in_native, id=9072, stack(0x5db20000,0x5db70000)]
  0x3a8f0c00 JavaThread "Thread-1599" [_thread_in_native, id=13944, stack(0x5da90000,0x5dae0000)]
  0x3a8f0400 JavaThread "Thread-1598" [_thread_in_native, id=20212, stack(0x5da00000,0x5da50000)]
  0x3a8f0000 JavaThread "Thread-1597" [_thread_in_native, id=11060, stack(0x5d970000,0x5d9c0000)]
  0x3a8ef800 JavaThread "Thread-1596" [_thread_in_native, id=14468, stack(0x5d8e0000,0x5d930000)]
  0x3a8ef400 JavaThread "Thread-1595" [_thread_in_native, id=13160, stack(0x5d850000,0x5d8a0000)]
  0x3a8eec00 JavaThread "Thread-1594" [_thread_in_native, id=20180, stack(0x5d7c0000,0x5d810000)]
  0x3a8ee800 JavaThread "Thread-1593" [_thread_in_native, id=20144, stack(0x5d580000,0x5d5d0000)]
  0x3a8ee000 JavaThread "Thread-1592" [_thread_in_native, id=20160, stack(0x5d4f0000,0x5d540000)]
  0x3a8edc00 JavaThread "Thread-1591" [_thread_in_native, id=20156, stack(0x5d730000,0x5d780000)]
  0x3a8ed400 JavaThread "Thread-1590" [_thread_in_native, id=20152, stack(0x5d6a0000,0x5d6f0000)]
  0x3a8ed000 JavaThread "Thread-1589" [_thread_in_native, id=20148, stack(0x5d610000,0x5d660000)]
  0x3a8ec800 JavaThread "Thread-1588" [_thread_in_native, id=20140, stack(0x5d460000,0x5d4b0000)]
  0x3a8ec400 JavaThread "Thread-1587" [_thread_in_native, id=20136, stack(0x5d3d0000,0x5d420000)]
  0x3a8ebc00 JavaThread "Thread-1586" [_thread_in_native, id=20132, stack(0x5d340000,0x5d390000)]
  0x3a8eb800 JavaThread "Thread-1585" [_thread_in_native, id=20128, stack(0x5d020000,0x5d070000)]
  0x3a8eb000 JavaThread "Thread-1584" [_thread_in_native, id=20124, stack(0x5d100000,0x5d150000)]
  0x3a8eac00 JavaThread "Thread-1583" [_thread_in_native, id=20120, stack(0x5cf50000,0x5cfa0000)]
  0x3a8ea400 JavaThread "Thread-1582" [_thread_in_native, id=20116, stack(0x5d2b0000,0x5d300000)]
  0x3a8ea000 JavaThread "Thread-1581" [_thread_in_native, id=20112, stack(0x5d220000,0x5d270000)]
  0x3a8e9800 JavaThread "Thread-1580" [_thread_in_native, id=20108, stack(0x5d190000,0x5d1e0000)]
  0x3a8e9400 JavaThread "Thread-1579" [_thread_in_native, id=20104, stack(0x5d070000,0x5d0c0000)]
  0x3a8e8c00 JavaThread "Thread-1578" [_thread_in_native, id=20100, stack(0x5cec0000,0x5cf10000)]
  0x3a8e8800 JavaThread "Thread-1577" [_thread_in_native, id=20096, stack(0x5ce30000,0x5ce80000)]
  0x3a8e8000 JavaThread "Thread-1576" [_thread_in_native, id=20092, stack(0x5cda0000,0x5cdf0000)]
  0x3a8e7c00 JavaThread "Thread-1575" [_thread_in_native, id=20088, stack(0x5cd10000,0x5cd60000)]
  0x3a8e7400 JavaThread "Thread-1574" [_thread_in_native, id=20084, stack(0x5cc80000,0x5ccd0000)]
  0x3a8e7000 JavaThread "Thread-1573" [_thread_in_native, id=20080, stack(0x5cbf0000,0x5cc40000)]
  0x3a8e6800 JavaThread "Thread-1572" [_thread_in_native, id=20076, stack(0x5c9b0000,0x5ca00000)]
  0x3a8e6400 JavaThread "Thread-1571" [_thread_in_native, id=20072, stack(0x5cb60000,0x5cbb0000)]
  0x3a8e5c00 JavaThread "Thread-1570" [_thread_in_native, id=20068, stack(0x5cad0000,0x5cb20000)]
  0x3a8e5800 JavaThread "Thread-1569" [_thread_in_native, id=20064, stack(0x5ca40000,0x5ca90000)]
  0x3a8e5000 JavaThread "Thread-1568" [_thread_in_native, id=20060, stack(0x5c920000,0x5c970000)]
  0x3a8e4c00 JavaThread "Thread-1567" [_thread_in_native, id=20056, stack(0x5c890000,0x5c8e0000)]
  0x3a8e4400 JavaThread "Thread-1566" [_thread_in_native, id=20052, stack(0x5c800000,0x5c850000)]
  0x3a8e3c00 JavaThread "Thread-1565" [_thread_in_native, id=20048, stack(0x5c770000,0x5c7c0000)]
  0x3a8e3800 JavaThread "Thread-1564" [_thread_in_native, id=20044, stack(0x5c6e0000,0x5c730000)]
  0x3a8e3000 JavaThread "Thread-1563" [_thread_in_native, id=20040, stack(0x5c650000,0x5c6a0000)]
  0x3a7e1800 JavaThread "Thread-1562" [_thread_in_native, id=20036, stack(0x5c5c0000,0x5c610000)]
  0x3a7e1000 JavaThread "Thread-1561" [_thread_in_native, id=20032, stack(0x5c530000,0x5c580000)]
  0x3a7e0c00 JavaThread "Thread-1560" [_thread_in_native, id=20028, stack(0x5c4a0000,0x5c4f0000)]
  0x3a7e0400 JavaThread "Thread-1559" [_thread_in_native, id=20024, stack(0x5c410000,0x5c460000)]
  0x3a7e0000 JavaThread "Thread-1558" [_thread_in_native, id=20020, stack(0x5c380000,0x5c3d0000)]
  0x3a7df800 JavaThread "Thread-1557" [_thread_in_native, id=20016, stack(0x5c2f0000,0x5c340000)]
  0x3a7df400 JavaThread "Thread-1556" [_thread_in_native, id=20012, stack(0x5c260000,0x5c2b0000)]
  0x3a7dec00 JavaThread "Thread-1555" [_thread_in_native, id=20008, stack(0x5c1d0000,0x5c220000)]
  0x3a7de800 JavaThread "Thread-1554" [_thread_in_native, id=20004, stack(0x5bf90000,0x5bfe0000)]
  0x3a7de000 JavaThread "Thread-1553" [_thread_in_native, id=20000, stack(0x5c140000,0x5c190000)]
  0x3a7dd800 JavaThread "Thread-1552" [_thread_in_native, id=19996, stack(0x5b960000,0x5b9b0000)]
  0x3a7dd400 JavaThread "Thread-1551" [_thread_in_native, id=19992, stack(0x5c0b0000,0x5c100000)]